[{"line":1,"elements":[{"start_timestamp":"2022-09-26T19:22:22.871Z","before":[{"result":{"duration":23275419000,"status":"passed"},"match":{"location":"Hooks.LMS_Hooks.browserSetUp()"}}],"line":4,"name":"Validating the heading of Registration form","description":"","id":"lms-website-registration-page;validating-the-heading-of-registration-form","type":"scenario","keyword":"Scenario","steps":[{"result":{"duration":392584100,"status":"passed"},"line":5,"name":"User is on LMS website","match":{"location":"StepDefinition.SD_Registration_1.user_is_on_lms_website()"},"keyword":"Given "},{"result":{"duration":69132600,"status":"passed"},"line":6,"name":"User lands on Registration page","match":{"location":"StepDefinition.SD_Registration_1.user_lands_on_registration_page()"},"keyword":"When "},{"result":{"error_message":"java.lang.AssertionError\r\n\tat org.junit.Assert.fail(Assert.java:87)\r\n\tat org.junit.Assert.fail(Assert.java:96)\r\n\tat StepDefinition.SD_Registration_1.user_sees_the_heading_on_the_form_as(SD_Registration_1.java:33)\r\n\tat ✽.User sees the heading on the form as \"Registration Form\"(file:///C:/Users/HP/git/LMS_PHase2_Hackathon/src/test/resources/Features/1Registration_1.feature:7)\r\n","duration":20349021200,"status":"failed"},"line":7,"name":"User sees the heading on the form as \"Registration Form\"","match":{"arguments":[{"val":"\"Registration Form\"","offset":37}],"location":"StepDefinition.SD_Registration_1.user_sees_the_heading_on_the_form_as(java.lang.String)"},"keyword":"Then "}],"tags":[{"name":"@driversetup"}]},{"start_timestamp":"2022-09-26T19:23:07.113Z","line":9,"name":"Validating Login Button visibility","description":"","id":"lms-website-registration-page;validating-login-button-visibility","type":"scenario","keyword":"Scenario","steps":[{"result":{"duration":1998900,"status":"passed"},"line":10,"name":"User is on the Register Page","match":{"location":"StepDefinition.SD_Registration_1.user_is_on_the_Register_page()"},"keyword":"Given "},{"result":{"duration":20058274000,"status":"passed"},"line":11,"name":"User selects the Log in button","match":{"location":"StepDefinition.SD_Registration_1.user_selects_the_log_in_button()"},"keyword":"When "},{"result":{"error_message":"java.lang.AssertionError: expected:<false> but was:<true>\r\n\tat org.junit.Assert.fail(Assert.java:89)\r\n\tat org.junit.Assert.failNotEquals(Assert.java:835)\r\n\tat org.junit.Assert.assertEquals(Assert.java:120)\r\n\tat org.junit.Assert.assertEquals(Assert.java:146)\r\n\tat StepDefinition.SD_Registration_1.user_sees_a_button_with_text_on_the_form(SD_Registration_1.java:55)\r\n\tat ✽.User sees a button with text \"Log in\" on the form(file:///C:/Users/HP/git/LMS_PHase2_Hackathon/src/test/resources/Features/1Registration_1.feature:12)\r\n","duration":20052165400,"status":"failed"},"line":12,"name":"User sees a button with text \"Log in\" on the form","match":{"arguments":[{"val":"\"Log in\"","offset":29}],"location":"StepDefinition.SD_Registration_1.user_sees_a_button_with_text_on_the_form(java.lang.String)"},"keyword":"Then "}]},{"start_timestamp":"2022-09-26T19:23:47.248Z","line":14,"name":"Validating the Login button functionality","description":"","id":"lms-website-registration-page;validating-the-login-button-functionality","type":"scenario","keyword":"Scenario","steps":[{"result":{"duration":1027000,"status":"passed"},"line":15,"name":"User is on the Register Page","match":{"location":"StepDefinition.SD_Registration_1.user_is_on_the_Register_page()"},"keyword":"Given "},{"result":{"duration":20073601900,"status":"passed"},"line":16,"name":"User selects the Log in button","match":{"location":"StepDefinition.SD_Registration_1.user_selects_the_log_in_button()"},"keyword":"When "},{"result":{"duration":181386000,"status":"passed"},"line":17,"name":"User lands on Log in page","match":{"location":"StepDefinition.SD_Registration_1.user_lands_on_log_in_page()"},"keyword":"Then "}]},{"start_timestamp":"2022-09-26T19:24:07.524Z","line":19,"name":"Validating the Sign Up button visibility","description":"","id":"lms-website-registration-page;validating-the-sign-up-button-visibility","type":"scenario","keyword":"Scenario","steps":[{"result":{"duration":996828300,"status":"passed"},"line":20,"name":"User is on LMS website","match":{"location":"StepDefinition.SD_Registration_1.user_is_on_lms_website()"},"keyword":"Given "},{"result":{"duration":1972700,"status":"passed"},"line":21,"name":"User lands on Registration page","match":{"location":"StepDefinition.SD_Registration_1.user_lands_on_registration_page()"},"keyword":"When "},{"result":{"error_message":"java.lang.AssertionError: expected:<false> but was:<true>\r\n\tat org.junit.Assert.fail(Assert.java:89)\r\n\tat org.junit.Assert.failNotEquals(Assert.java:835)\r\n\tat org.junit.Assert.assertEquals(Assert.java:120)\r\n\tat org.junit.Assert.assertEquals(Assert.java:146)\r\n\tat StepDefinition.SD_Registration_1.user_sees_a_button_with_text_on_the_form(SD_Registration_1.java:55)\r\n\tat ✽.User sees a button with text \"Sign Up\" on the form(file:///C:/Users/HP/git/LMS_PHase2_Hackathon/src/test/resources/Features/1Registration_1.feature:22)\r\n","duration":20041483500,"status":"failed"},"line":22,"name":"User sees a button with text \"Sign Up\" on the form","match":{"arguments":[{"val":"\"Sign Up\"","offset":29}],"location":"StepDefinition.SD_Registration_1.user_sees_a_button_with_text_on_the_form(java.lang.String)"},"keyword":"Then "}]}],"name":"LMS Website Registration page","description":"","id":"lms-website-registration-page","keyword":"Feature","uri":"file:src/test/resources/Features/1Registration_1.feature","tags":[]},{"line":1,"elements":[{"start_timestamp":"2022-09-26T19:24:28.645Z","before":[{"result":{"duration":8436136900,"status":"passed"},"match":{"location":"Hooks.LMS_Hooks.browserSetUp()"}}],"line":3,"name":"Validating FirstName text field","description":"","id":"validating-the-text-fields-on-the-registration-page;validating-firstname-text-field","type":"scenario","keyword":"Scenario","steps":[{"result":{"duration":1995200,"status":"passed"},"line":4,"name":"User is on the Registration Page","match":{"location":"StepDefinition.SD_Registration_2.user_is_on_the_registration_page()"},"keyword":"Given "},{"result":{"duration":20062667400,"status":"passed"},"line":5,"name":"User fills the First Name in Alphabets only","match":{"location":"StepDefinition.SD_Registration_2.user_fills_the_first_name_in_alphabets_only()"},"keyword":"When "},{"result":{"error_message":"java.lang.AssertionError: expected [true] but found [false]\r\n\tat org.testng.Assert.fail(Assert.java:96)\r\n\tat org.testng.Assert.failNotEquals(Assert.java:776)\r\n\tat org.testng.Assert.assertEqualsImpl(Assert.java:137)\r\n\tat org.testng.Assert.assertEquals(Assert.java:118)\r\n\tat org.testng.Assert.assertEquals(Assert.java:568)\r\n\tat org.testng.Assert.assertEquals(Assert.java:578)\r\n\tat StepDefinition.SD_Registration_2.the_first_name_will_be_displayed(SD_Registration_2.java:32)\r\n\tat ✽.The First Name will be displayed(file:///C:/Users/HP/git/LMS_PHase2_Hackathon/src/test/resources/Features/2Registration_2.feature:6)\r\n","duration":20117283400,"status":"failed"},"line":6,"name":"The First Name will be displayed","match":{"location":"StepDefinition.SD_Registration_2.the_first_name_will_be_displayed()"},"keyword":"Then "}],"tags":[{"name":"@driversetup"}]},{"start_timestamp":"2022-09-26T19:25:17.393Z","line":8,"name":"Validating LastName text field","description":"","id":"validating-the-text-fields-on-the-registration-page;validating-lastname-text-field","type":"scenario","keyword":"Scenario","steps":[{"result":{"duration":1985400,"status":"passed"},"line":9,"name":"User is on the Registration Page","match":{"location":"StepDefinition.SD_Registration_2.user_is_on_the_registration_page()"},"keyword":"Given "},{"result":{"duration":20077208500,"status":"passed"},"line":10,"name":"User fills the Last Name in Alphabets only","match":{"location":"StepDefinition.SD_Registration_2.user_fills_the_last_name_in_alphabets_only()"},"keyword":"When "},{"result":{"error_message":"java.lang.AssertionError: expected [true] but found [false]\r\n\tat org.testng.Assert.fail(Assert.java:96)\r\n\tat org.testng.Assert.failNotEquals(Assert.java:776)\r\n\tat org.testng.Assert.assertEqualsImpl(Assert.java:137)\r\n\tat org.testng.Assert.assertEquals(Assert.java:118)\r\n\tat org.testng.Assert.assertEquals(Assert.java:568)\r\n\tat org.testng.Assert.assertEquals(Assert.java:578)\r\n\tat StepDefinition.SD_Registration_2.the_last_name_will_be_displayed(SD_Registration_2.java:48)\r\n\tat ✽.The last Name will be displayed(file:///C:/Users/HP/git/LMS_PHase2_Hackathon/src/test/resources/Features/2Registration_2.feature:11)\r\n","duration":20178982200,"status":"failed"},"line":11,"name":"The last Name will be displayed","match":{"location":"StepDefinition.SD_Registration_2.the_last_name_will_be_displayed()"},"keyword":"Then "}]},{"start_timestamp":"2022-09-26T19:25:57.677Z","line":13,"name":"Validating Address text field","description":"","id":"validating-the-text-fields-on-the-registration-page;validating-address-text-field","type":"scenario","keyword":"Scenario","steps":[{"result":{"duration":997200,"status":"passed"},"line":14,"name":"User is on the Registration Page","match":{"location":"StepDefinition.SD_Registration_2.user_is_on_the_registration_page()"},"keyword":"Given "},{"result":{"duration":20063473100,"status":"passed"},"line":15,"name":"User fills the Address Field using Alpha Numerics and or Symbols","match":{"location":"StepDefinition.SD_Registration_2.user_fills_the_address_field_using_alpha_numerics_and_or_symbols()"},"keyword":"When "},{"result":{"error_message":"java.lang.AssertionError: expected [true] but found [false]\r\n\tat org.testng.Assert.fail(Assert.java:96)\r\n\tat org.testng.Assert.failNotEquals(Assert.java:776)\r\n\tat org.testng.Assert.assertEqualsImpl(Assert.java:137)\r\n\tat org.testng.Assert.assertEquals(Assert.java:118)\r\n\tat org.testng.Assert.assertEquals(Assert.java:568)\r\n\tat org.testng.Assert.assertEquals(Assert.java:578)\r\n\tat StepDefinition.SD_Registration_2.the_address_will_be_displayed(SD_Registration_2.java:67)\r\n\tat ✽.The Address will be displayed(file:///C:/Users/HP/git/LMS_PHase2_Hackathon/src/test/resources/Features/2Registration_2.feature:16)\r\n","duration":20098004300,"status":"failed"},"line":16,"name":"The Address will be displayed","match":{"location":"StepDefinition.SD_Registration_2.the_address_will_be_displayed()"},"keyword":"Then "}]},{"start_timestamp":"2022-09-26T19:26:37.927Z","line":18,"name":"Validating Street Name text field","description":"","id":"validating-the-text-fields-on-the-registration-page;validating-street-name-text-field","type":"scenario","keyword":"Scenario","steps":[{"result":{"duration":3987400,"status":"passed"},"line":19,"name":"User is on the Registration Page","match":{"location":"StepDefinition.SD_Registration_2.user_is_on_the_registration_page()"},"keyword":"Given "},{"result":{"duration":20097102600,"status":"passed"},"line":20,"name":"User fills the StreetName Field using Alpha Numerics and or Symbols","match":{"location":"StepDefinition.SD_Registration_2.user_fills_the_street_name_field_using_alpha_numerics_and_or_symbols()"},"keyword":"When "},{"result":{"error_message":"java.lang.AssertionError: expected [true] but found [false]\r\n\tat org.testng.Assert.fail(Assert.java:96)\r\n\tat org.testng.Assert.failNotEquals(Assert.java:776)\r\n\tat org.testng.Assert.assertEqualsImpl(Assert.java:137)\r\n\tat org.testng.Assert.assertEquals(Assert.java:118)\r\n\tat org.testng.Assert.assertEquals(Assert.java:568)\r\n\tat org.testng.Assert.assertEquals(Assert.java:578)\r\n\tat StepDefinition.SD_Registration_2.the_street_will_be_displayed(SD_Registration_2.java:84)\r\n\tat ✽.The Street will be displayed(file:///C:/Users/HP/git/LMS_PHase2_Hackathon/src/test/resources/Features/2Registration_2.feature:21)\r\n","duration":20065818600,"status":"failed"},"line":21,"name":"The Street will be displayed","match":{"location":"StepDefinition.SD_Registration_2.the_street_will_be_displayed()"},"keyword":"Then "}]},{"start_timestamp":"2022-09-26T19:27:18.152Z","line":23,"name":"Validating House Number text field","description":"","id":"validating-the-text-fields-on-the-registration-page;validating-house-number-text-field","type":"scenario","keyword":"Scenario","steps":[{"result":{"duration":3989600,"status":"passed"},"line":24,"name":"User is on the Registration Page","match":{"location":"StepDefinition.SD_Registration_2.user_is_on_the_registration_page()"},"keyword":"Given "},{"result":{"duration":20079740500,"status":"passed"},"line":25,"name":"User fills the HouseNumber Field using Alpha Numerics and or Symbols","match":{"location":"StepDefinition.SD_Registration_2.user_fills_the_house_number_field_using_alpha_numerics_and_or_symbols()"},"keyword":"When "},{"result":{"error_message":"java.lang.AssertionError: expected [true] but found [false]\r\n\tat org.testng.Assert.fail(Assert.java:96)\r\n\tat org.testng.Assert.failNotEquals(Assert.java:776)\r\n\tat org.testng.Assert.assertEqualsImpl(Assert.java:137)\r\n\tat org.testng.Assert.assertEquals(Assert.java:118)\r\n\tat org.testng.Assert.assertEquals(Assert.java:568)\r\n\tat org.testng.Assert.assertEquals(Assert.java:578)\r\n\tat StepDefinition.SD_Registration_2.the_house_number_will_be_displayed(SD_Registration_2.java:100)\r\n\tat ✽.The HouseNumber will be displayed(file:///C:/Users/HP/git/LMS_PHase2_Hackathon/src/test/resources/Features/2Registration_2.feature:26)\r\n","duration":20114301900,"status":"failed"},"line":26,"name":"The HouseNumber will be displayed","match":{"location":"StepDefinition.SD_Registration_2.the_house_number_will_be_displayed()"},"keyword":"Then "}]},{"start_timestamp":"2022-09-26T19:27:58.380Z","line":28,"name":"Validating City Name text field","description":"","id":"validating-the-text-fields-on-the-registration-page;validating-city-name-text-field","type":"scenario","keyword":"Scenario","steps":[{"result":{"duration":1699400,"status":"passed"},"line":29,"name":"User is on the Registration Page","match":{"location":"StepDefinition.SD_Registration_2.user_is_on_the_registration_page()"},"keyword":"Given "},{"result":{"duration":20080532200,"status":"passed"},"line":30,"name":"User fills the City Name in Alphabets only","match":{"location":"StepDefinition.SD_Registration_2.user_fills_the_city_name_in_alphabets_only()"},"keyword":"When "},{"result":{"error_message":"java.lang.AssertionError: expected [true] but found [false]\r\n\tat org.testng.Assert.fail(Assert.java:96)\r\n\tat org.testng.Assert.failNotEquals(Assert.java:776)\r\n\tat org.testng.Assert.assertEqualsImpl(Assert.java:137)\r\n\tat org.testng.Assert.assertEquals(Assert.java:118)\r\n\tat org.testng.Assert.assertEquals(Assert.java:568)\r\n\tat org.testng.Assert.assertEquals(Assert.java:578)\r\n\tat StepDefinition.SD_Registration_2.the_city_will_be_displayed(SD_Registration_2.java:116)\r\n\tat ✽.The city will be displayed(file:///C:/Users/HP/git/LMS_PHase2_Hackathon/src/test/resources/Features/2Registration_2.feature:31)\r\n","duration":20042107200,"status":"failed"},"line":31,"name":"The city will be displayed","match":{"location":"StepDefinition.SD_Registration_2.the_city_will_be_displayed()"},"keyword":"Then "}]},{"start_timestamp":"2022-09-26T19:28:38.523Z","line":33,"name":"Validating State dropdown field","description":"","id":"validating-the-text-fields-on-the-registration-page;validating-state-dropdown-field","type":"scenario","keyword":"Scenario","steps":[{"result":{"duration":2993100,"status":"passed"},"line":34,"name":"User is on the Registration Page","match":{"location":"StepDefinition.SD_Registration_2.user_is_on_the_registration_page()"},"keyword":"Given "},{"result":{"duration":20060526400,"status":"passed"},"line":35,"name":"User selects the respective State Name from the DropBox","match":{"location":"StepDefinition.SD_Registration_2.user_selects_the_respective_state_name_from_the_drop_box()"},"keyword":"When "},{"result":{"error_message":"java.lang.AssertionError: expected [true] but found [false]\r\n\tat org.testng.Assert.fail(Assert.java:96)\r\n\tat org.testng.Assert.failNotEquals(Assert.java:776)\r\n\tat org.testng.Assert.assertEqualsImpl(Assert.java:137)\r\n\tat org.testng.Assert.assertEquals(Assert.java:118)\r\n\tat org.testng.Assert.assertEquals(Assert.java:568)\r\n\tat org.testng.Assert.assertEquals(Assert.java:578)\r\n\tat StepDefinition.SD_Registration_2.the_state_will_be_displayed(SD_Registration_2.java:132)\r\n\tat ✽.The State will be displayed(file:///C:/Users/HP/git/LMS_PHase2_Hackathon/src/test/resources/Features/2Registration_2.feature:36)\r\n","duration":20044254300,"status":"failed"},"line":36,"name":"The State will be displayed","match":{"location":"StepDefinition.SD_Registration_2.the_state_will_be_displayed()"},"keyword":"Then "}]},{"start_timestamp":"2022-09-26T19:29:18.668Z","line":38,"name":"Validating Zip text field","description":"","id":"validating-the-text-fields-on-the-registration-page;validating-zip-text-field","type":"scenario","keyword":"Scenario","steps":[{"result":{"duration":1040300,"status":"passed"},"line":39,"name":"User is on the Registration Page","match":{"location":"StepDefinition.SD_Registration_2.user_is_on_the_registration_page()"},"keyword":"Given "},{"result":{"error_message":"io.cucumber.core.exception.CucumberException: Could not invoke step [User fills the {int} digit Zip code using Numbers only] defined at 'StepDefinition.SD_Registration_2.user_fills_the_digit_zip_code_using_numbers_only(java.lang.String)'.\nIt appears there was a problem with the step definition.\nThe converted arguments types were (java.lang.Integer)\r\n\tat io.cucumber.core.runner.PickleStepDefinitionMatch.couldNotInvokeStep(PickleStepDefinitionMatch.java:130)\r\n\tat io.cucumber.core.runner.PickleStepDefinitionMatch.runStep(PickleStepDefinitionMatch.java:65)\r\n\tat io.cucumber.core.runner.ExecutionMode$1.execute(ExecutionMode.java:10)\r\n\tat io.cucumber.core.runner.TestStep.executeStep(TestStep.java:85)\r\n\tat io.cucumber.core.runner.TestStep.run(TestStep.java:57)\r\n\tat io.cucumber.core.runner.PickleStepTestStep.run(PickleStepTestStep.java:51)\r\n\tat io.cucumber.core.runner.TestCase.run(TestCase.java:84)\r\n\tat io.cucumber.core.runner.Runner.runPickle(Runner.java:75)\r\n\tat io.cucumber.junit.PickleRunners$NoStepDescriptions.lambda$run$0(PickleRunners.java:151)\r\n\tat io.cucumber.core.runtime.CucumberExecutionContext.lambda$runTestCase$5(CucumberExecutionContext.java:129)\r\n\tat io.cucumber.core.runtime.RethrowingThrowableCollector.executeAndThrow(RethrowingThrowableCollector.java:23)\r\n\tat io.cucumber.core.runtime.CucumberExecutionContext.runTestCase(CucumberExecutionContext.java:129)\r\n\tat io.cucumber.junit.PickleRunners$NoStepDescriptions.run(PickleRunners.java:148)\r\n\tat io.cucumber.junit.FeatureRunner.runChild(FeatureRunner.java:144)\r\n\tat io.cucumber.junit.FeatureRunner.runChild(FeatureRunner.java:28)\r\n\tat org.junit.runners.ParentRunner$4.run(ParentRunner.java:331)\r\n\tat org.junit.runners.ParentRunner$1.schedule(ParentRunner.java:79)\r\n\tat org.junit.runners.ParentRunner.runChildren(ParentRunner.java:329)\r\n\tat org.junit.runners.ParentRunner.access$100(ParentRunner.java:66)\r\n\tat org.junit.runners.ParentRunner$2.evaluate(ParentRunner.java:293)\r\n\tat org.junit.runners.ParentRunner$3.evaluate(ParentRunner.java:306)\r\n\tat org.junit.runners.ParentRunner.run(ParentRunner.java:413)\r\n\tat io.cucumber.junit.FeatureRunner.run(FeatureRunner.java:137)\r\n\tat io.cucumber.junit.Cucumber.runChild(Cucumber.java:196)\r\n\tat io.cucumber.junit.Cucumber.runChild(Cucumber.java:89)\r\n\tat org.junit.runners.ParentRunner$4.run(ParentRunner.java:331)\r\n\tat org.junit.runners.ParentRunner$1.schedule(ParentRunner.java:79)\r\n\tat org.junit.runners.ParentRunner.runChildren(ParentRunner.java:329)\r\n\tat org.junit.runners.ParentRunner.access$100(ParentRunner.java:66)\r\n\tat org.junit.runners.ParentRunner$2.evaluate(ParentRunner.java:293)\r\n\tat io.cucumber.junit.Cucumber$RunBeforeAllHooks.evaluate(Cucumber.java:266)\r\n\tat io.cucumber.junit.Cucumber$RunAfterAllHooks.evaluate(Cucumber.java:281)\r\n\tat io.cucumber.junit.Cucumber$StartTestRun.evaluate(Cucumber.java:233)\r\n\tat io.cucumber.junit.Cucumber$FinishTestRun.evaluate(Cucumber.java:248)\r\n\tat org.junit.runners.ParentRunner$3.evaluate(ParentRunner.java:306)\r\n\tat org.junit.runners.ParentRunner.run(ParentRunner.java:413)\r\n\tat org.eclipse.jdt.internal.junit4.runner.JUnit4TestReference.run(JUnit4TestReference.java:93)\r\n\tat org.eclipse.jdt.internal.junit.runner.TestExecution.run(TestExecution.java:40)\r\n\tat org.eclipse.jdt.internal.junit.runner.RemoteTestRunner.runTests(RemoteTestRunner.java:529)\r\n\tat org.eclipse.jdt.internal.junit.runner.RemoteTestRunner.runTests(RemoteTestRunner.java:756)\r\n\tat org.eclipse.jdt.internal.junit.runner.RemoteTestRunner.run(RemoteTestRunner.java:452)\r\n\tat org.eclipse.jdt.internal.junit.runner.RemoteTestRunner.main(RemoteTestRunner.java:210)\r\nCaused by: io.cucumber.core.backend.CucumberBackendException: Failed to invoke public void StepDefinition.SD_Registration_2.user_fills_the_digit_zip_code_using_numbers_only(java.lang.String)\r\n\tat io.cucumber.java.Invoker.doInvoke(Invoker.java:68)\r\n\tat io.cucumber.java.Invoker.invoke(Invoker.java:24)\r\n\tat io.cucumber.java.AbstractGlueDefinition.invokeMethod(AbstractGlueDefinition.java:47)\r\n\tat io.cucumber.java.JavaStepDefinition.execute(JavaStepDefinition.java:29)\r\n\tat io.cucumber.core.runner.CoreStepDefinition.execute(CoreStepDefinition.java:66)\r\n\tat io.cucumber.core.runner.PickleStepDefinitionMatch.runStep(PickleStepDefinitionMatch.java:63)\r\n\t... 40 more\r\nCaused by: java.lang.IllegalArgumentException: argument type mismatch\r\n\tat java.base/jdk.internal.reflect.NativeMethodAccessorImpl.invoke0(Native Method)\r\n\tat java.base/jdk.internal.reflect.NativeMethodAccessorImpl.invoke(NativeMethodAccessorImpl.java:77)\r\n\tat java.base/jdk.internal.reflect.DelegatingMethodAccessorImpl.invoke(DelegatingMethodAccessorImpl.java:43)\r\n\tat java.base/java.lang.reflect.Method.invoke(Method.java:568)\r\n\tat io.cucumber.java.Invoker.doInvoke(Invoker.java:66)\r\n\t... 45 more\r\n","duration":954500,"status":"failed"},"line":40,"name":"User fills the 5 digit Zip code using Numbers only","match":{"arguments":[{"val":"5","offset":15}],"location":"StepDefinition.SD_Registration_2.user_fills_the_digit_zip_code_using_numbers_only(java.lang.String)"},"keyword":"When "},{"result":{"status":"skipped"},"line":41,"name":"The Zip will be displayed","match":{"location":"StepDefinition.SD_Registration_2.the_zip_will_be_displayed()"},"keyword":"Then "}]},{"start_timestamp":"2022-09-26T19:29:18.689Z","line":43,"name":"Validating BirthDate dropdown field","description":"","id":"validating-the-text-fields-on-the-registration-page;validating-birthdate-dropdown-field","type":"scenario","keyword":"Scenario","steps":[{"result":{"duration":12982500,"status":"passed"},"line":44,"name":"User is on the Registration Page","match":{"location":"StepDefinition.SD_Registration_2.user_is_on_the_registration_page()"},"keyword":"Given "},{"result":{"duration":20057438700,"status":"passed"},"line":45,"name":"User selects date od birth from calender","match":{"location":"StepDefinition.SD_Registration_2.user_selects_date_od_birth_from_calender()"},"keyword":"When "},{"result":{"error_message":"java.lang.AssertionError: expected [true] but found [false]\r\n\tat org.testng.Assert.fail(Assert.java:96)\r\n\tat org.testng.Assert.failNotEquals(Assert.java:776)\r\n\tat org.testng.Assert.assertEqualsImpl(Assert.java:137)\r\n\tat org.testng.Assert.assertEquals(Assert.java:118)\r\n\tat org.testng.Assert.assertEquals(Assert.java:568)\r\n\tat org.testng.Assert.assertEquals(Assert.java:578)\r\n\tat StepDefinition.SD_Registration_2.the_dateof_birth_will_be_displayed(SD_Registration_2.java:164)\r\n\tat ✽.The DateofBirth will be displayed(file:///C:/Users/HP/git/LMS_PHase2_Hackathon/src/test/resources/Features/2Registration_2.feature:46)\r\n","duration":20074589100,"status":"failed"},"line":46,"name":"The DateofBirth will be displayed","match":{"location":"StepDefinition.SD_Registration_2.the_dateof_birth_will_be_displayed()"},"keyword":"Then "}]},{"start_timestamp":"2022-09-26T19:29:58.913Z","line":48,"name":"Validating Phone number text field","description":"","id":"validating-the-text-fields-on-the-registration-page;validating-phone-number-text-field","type":"scenario","keyword":"Scenario","steps":[{"result":{"duration":996800,"status":"passed"},"line":49,"name":"User is on the Registration Page","match":{"location":"StepDefinition.SD_Registration_2.user_is_on_the_registration_page()"},"keyword":"Given "},{"result":{"error_message":"io.cucumber.core.exception.CucumberException: Could not invoke step [User fills the valid {int} digit Mobile number in Numerics] defined at 'StepDefinition.SD_Registration_2.user_fills_the_valid_digit_mobile_number_in_numerics(java.lang.CharSequence[])'.\nIt appears there was a problem with the step definition.\nThe converted arguments types were (java.lang.Integer)\r\n\tat io.cucumber.core.runner.PickleStepDefinitionMatch.couldNotInvokeStep(PickleStepDefinitionMatch.java:130)\r\n\tat io.cucumber.core.runner.PickleStepDefinitionMatch.runStep(PickleStepDefinitionMatch.java:65)\r\n\tat io.cucumber.core.runner.ExecutionMode$1.execute(ExecutionMode.java:10)\r\n\tat io.cucumber.core.runner.TestStep.executeStep(TestStep.java:85)\r\n\tat io.cucumber.core.runner.TestStep.run(TestStep.java:57)\r\n\tat io.cucumber.core.runner.PickleStepTestStep.run(PickleStepTestStep.java:51)\r\n\tat io.cucumber.core.runner.TestCase.run(TestCase.java:84)\r\n\tat io.cucumber.core.runner.Runner.runPickle(Runner.java:75)\r\n\tat io.cucumber.junit.PickleRunners$NoStepDescriptions.lambda$run$0(PickleRunners.java:151)\r\n\tat io.cucumber.core.runtime.CucumberExecutionContext.lambda$runTestCase$5(CucumberExecutionContext.java:129)\r\n\tat io.cucumber.core.runtime.RethrowingThrowableCollector.executeAndThrow(RethrowingThrowableCollector.java:23)\r\n\tat io.cucumber.core.runtime.CucumberExecutionContext.runTestCase(CucumberExecutionContext.java:129)\r\n\tat io.cucumber.junit.PickleRunners$NoStepDescriptions.run(PickleRunners.java:148)\r\n\tat io.cucumber.junit.FeatureRunner.runChild(FeatureRunner.java:144)\r\n\tat io.cucumber.junit.FeatureRunner.runChild(FeatureRunner.java:28)\r\n\tat org.junit.runners.ParentRunner$4.run(ParentRunner.java:331)\r\n\tat org.junit.runners.ParentRunner$1.schedule(ParentRunner.java:79)\r\n\tat org.junit.runners.ParentRunner.runChildren(ParentRunner.java:329)\r\n\tat org.junit.runners.ParentRunner.access$100(ParentRunner.java:66)\r\n\tat org.junit.runners.ParentRunner$2.evaluate(ParentRunner.java:293)\r\n\tat org.junit.runners.ParentRunner$3.evaluate(ParentRunner.java:306)\r\n\tat org.junit.runners.ParentRunner.run(ParentRunner.java:413)\r\n\tat io.cucumber.junit.FeatureRunner.run(FeatureRunner.java:137)\r\n\tat io.cucumber.junit.Cucumber.runChild(Cucumber.java:196)\r\n\tat io.cucumber.junit.Cucumber.runChild(Cucumber.java:89)\r\n\tat org.junit.runners.ParentRunner$4.run(ParentRunner.java:331)\r\n\tat org.junit.runners.ParentRunner$1.schedule(ParentRunner.java:79)\r\n\tat org.junit.runners.ParentRunner.runChildren(ParentRunner.java:329)\r\n\tat org.junit.runners.ParentRunner.access$100(ParentRunner.java:66)\r\n\tat org.junit.runners.ParentRunner$2.evaluate(ParentRunner.java:293)\r\n\tat io.cucumber.junit.Cucumber$RunBeforeAllHooks.evaluate(Cucumber.java:266)\r\n\tat io.cucumber.junit.Cucumber$RunAfterAllHooks.evaluate(Cucumber.java:281)\r\n\tat io.cucumber.junit.Cucumber$StartTestRun.evaluate(Cucumber.java:233)\r\n\tat io.cucumber.junit.Cucumber$FinishTestRun.evaluate(Cucumber.java:248)\r\n\tat org.junit.runners.ParentRunner$3.evaluate(ParentRunner.java:306)\r\n\tat org.junit.runners.ParentRunner.run(ParentRunner.java:413)\r\n\tat org.eclipse.jdt.internal.junit4.runner.JUnit4TestReference.run(JUnit4TestReference.java:93)\r\n\tat org.eclipse.jdt.internal.junit.runner.TestExecution.run(TestExecution.java:40)\r\n\tat org.eclipse.jdt.internal.junit.runner.RemoteTestRunner.runTests(RemoteTestRunner.java:529)\r\n\tat org.eclipse.jdt.internal.junit.runner.RemoteTestRunner.runTests(RemoteTestRunner.java:756)\r\n\tat org.eclipse.jdt.internal.junit.runner.RemoteTestRunner.run(RemoteTestRunner.java:452)\r\n\tat org.eclipse.jdt.internal.junit.runner.RemoteTestRunner.main(RemoteTestRunner.java:210)\r\nCaused by: io.cucumber.core.backend.CucumberBackendException: Failed to invoke public void StepDefinition.SD_Registration_2.user_fills_the_valid_digit_mobile_number_in_numerics(java.lang.CharSequence[])\r\n\tat io.cucumber.java.Invoker.doInvoke(Invoker.java:68)\r\n\tat io.cucumber.java.Invoker.invoke(Invoker.java:24)\r\n\tat io.cucumber.java.AbstractGlueDefinition.invokeMethod(AbstractGlueDefinition.java:47)\r\n\tat io.cucumber.java.JavaStepDefinition.execute(JavaStepDefinition.java:29)\r\n\tat io.cucumber.core.runner.CoreStepDefinition.execute(CoreStepDefinition.java:66)\r\n\tat io.cucumber.core.runner.PickleStepDefinitionMatch.runStep(PickleStepDefinitionMatch.java:63)\r\n\t... 40 more\r\nCaused by: java.lang.IllegalArgumentException: argument type mismatch\r\n\tat java.base/jdk.internal.reflect.NativeMethodAccessorImpl.invoke0(Native Method)\r\n\tat java.base/jdk.internal.reflect.NativeMethodAccessorImpl.invoke(NativeMethodAccessorImpl.java:77)\r\n\tat java.base/jdk.internal.reflect.DelegatingMethodAccessorImpl.invoke(DelegatingMethodAccessorImpl.java:43)\r\n\tat java.base/java.lang.reflect.Method.invoke(Method.java:568)\r\n\tat io.cucumber.java.Invoker.doInvoke(Invoker.java:66)\r\n\t... 45 more\r\n","duration":997200,"status":"failed"},"line":50,"name":"User fills the valid 10 digit Mobile number in Numerics","match":{"arguments":[{"val":"10","offset":21}],"location":"StepDefinition.SD_Registration_2.user_fills_the_valid_digit_mobile_number_in_numerics(java.lang.CharSequence[])"},"keyword":"When "},{"result":{"duration":360900,"status":"skipped"},"line":51,"name":"The Phone number will be displayed","match":{"location":"StepDefinition.SD_Registration_2.the_phone_number_will_be_displayed()"},"keyword":"Then "}]},{"start_timestamp":"2022-09-26T19:29:58.937Z","line":53,"name":"Validating UserName text field","description":"","id":"validating-the-text-fields-on-the-registration-page;validating-username-text-field","type":"scenario","keyword":"Scenario","steps":[{"result":{"duration":998400,"status":"passed"},"line":54,"name":"User is on the Registration Page","match":{"location":"StepDefinition.SD_Registration_2.user_is_on_the_registration_page()"},"keyword":"Given "},{"result":{"duration":20045656800,"status":"passed"},"line":55,"name":"User fills the valid unique UserName","match":{"location":"StepDefinition.SD_Registration_2.user_fills_the_valid_unique_user_name()"},"keyword":"When "},{"result":{"error_message":"java.lang.AssertionError: expected [true] but found [false]\r\n\tat org.testng.Assert.fail(Assert.java:96)\r\n\tat org.testng.Assert.failNotEquals(Assert.java:776)\r\n\tat org.testng.Assert.assertEqualsImpl(Assert.java:137)\r\n\tat org.testng.Assert.assertEquals(Assert.java:118)\r\n\tat org.testng.Assert.assertEquals(Assert.java:568)\r\n\tat org.testng.Assert.assertEquals(Assert.java:578)\r\n\tat StepDefinition.SD_Registration_2.the_user_name_will_be_displayed(SD_Registration_2.java:196)\r\n\tat ✽.The User name  will be displayed(file:///C:/Users/HP/git/LMS_PHase2_Hackathon/src/test/resources/Features/2Registration_2.feature:56)\r\n","duration":20070297500,"status":"failed"},"line":56,"name":"The User name  will be displayed","match":{"location":"StepDefinition.SD_Registration_2.the_user_name_will_be_displayed()"},"keyword":"Then "}]},{"start_timestamp":"2022-09-26T19:30:39.080Z","line":58,"name":"Validating password text field","description":"","id":"validating-the-text-fields-on-the-registration-page;validating-password-text-field","type":"scenario","keyword":"Scenario","steps":[{"result":{"duration":2339600,"status":"passed"},"line":59,"name":"User is on the Registration Page","match":{"location":"StepDefinition.SD_Registration_2.user_is_on_the_registration_page()"},"keyword":"Given "},{"result":{"duration":20115310500,"status":"passed"},"line":60,"name":"User fills the valid Password with 1 Upper case, 1 Numeric and 1 special charecter and 8 charecters","match":{"arguments":[{"val":"1","offset":35},{"val":"1","offset":49},{"val":"1","offset":63},{"val":"8","offset":87}],"location":"StepDefinition.SD_Registration_2.user_fills_the_valid_password_with_upper_case_numeric_and_special_charecter_and_charecters(java.lang.Integer,java.lang.Integer,java.lang.Integer,java.lang.Integer)"},"keyword":"When "},{"result":{"error_message":"java.lang.AssertionError: expected [true] but found [false]\r\n\tat org.testng.Assert.fail(Assert.java:96)\r\n\tat org.testng.Assert.failNotEquals(Assert.java:776)\r\n\tat org.testng.Assert.assertEqualsImpl(Assert.java:137)\r\n\tat org.testng.Assert.assertEquals(Assert.java:118)\r\n\tat org.testng.Assert.assertEquals(Assert.java:568)\r\n\tat org.testng.Assert.assertEquals(Assert.java:578)\r\n\tat StepDefinition.SD_Registration_2.the_password_will_be_displayed(SD_Registration_2.java:213)\r\n\tat ✽.The password will be displayed(file:///C:/Users/HP/git/LMS_PHase2_Hackathon/src/test/resources/Features/2Registration_2.feature:61)\r\n","duration":20176741700,"status":"failed"},"line":61,"name":"The password will be displayed","match":{"location":"StepDefinition.SD_Registration_2.the_password_will_be_displayed()"},"keyword":"Then "}]},{"start_timestamp":"2022-09-26T19:31:19.387Z","line":71,"name":"Validating Registration Page text field with multiple values","description":"","id":"validating-the-text-fields-on-the-registration-page;validating-registration-page-text-field-with-multiple-values;;2","type":"scenario","keyword":"Scenario Outline","steps":[{"result":{"duration":1491100,"status":"passed"},"line":64,"name":"User is on the Registration Page","match":{"location":"StepDefinition.SD_Registration_2.user_is_on_the_registration_page()"},"keyword":"Given "},{"result":{"error_message":"org.openqa.selenium.WebDriverException: chrome not reachable\n  (Session info: chrome=105.0.5195.127)\nBuild info: version: '4.1.2', revision: '9a5a329c5a'\nSystem info: host: 'DESKTOP-7JOFLV1', ip: '192.168.1.70', os.name: 'Windows 10', os.arch: 'amd64', os.version: '10.0', java.version: '17.0.2'\nDriver info: org.openqa.selenium.chrome.ChromeDriver\nCommand: [9e7528a0805646bf0a4d1299067f71f9, findElement {using=xpath, value=email}]\nCapabilities {acceptInsecureCerts: false, browserName: chrome, browserVersion: 105.0.5195.127, chrome: {chromedriverVersion: 105.0.5195.52 (412c95e51883..., userDataDir: C:\\Users\\HP\\AppData\\Local\\T...}, goog:chromeOptions: {debuggerAddress: localhost:57672}, javascriptEnabled: true, networkConnectionEnabled: false, pageLoadStrategy: normal, platform: WINDOWS, platformName: WINDOWS, proxy: Proxy(), se:cdp: ws://localhost:57672/devtoo..., se:cdpVersion: 105.0.5195.127, setWindowRect: true, strictFileInteractability: false, timeouts: {implicit: 0, pageLoad: 300000, script: 30000}, unhandledPromptBehavior: dismiss and notify, webauthn:extension:credBlob: true, webauthn:extension:largeBlob: true, webauthn:virtualAuthenticators: true}\nSession ID: 9e7528a0805646bf0a4d1299067f71f9\r\n\tat java.base/jdk.internal.reflect.NativeConstructorAccessorImpl.newInstance0(Native Method)\r\n\tat java.base/jdk.internal.reflect.NativeConstructorAccessorImpl.newInstance(NativeConstructorAccessorImpl.java:77)\r\n\tat java.base/jdk.internal.reflect.DelegatingConstructorAccessorImpl.newInstance(DelegatingConstructorAccessorImpl.java:45)\r\n\tat java.base/java.lang.reflect.Constructor.newInstanceWithCaller(Constructor.java:499)\r\n\tat java.base/java.lang.reflect.Constructor.newInstance(Constructor.java:480)\r\n\tat org.openqa.selenium.remote.codec.w3c.W3CHttpResponseCodec.createException(W3CHttpResponseCodec.java:200)\r\n\tat org.openqa.selenium.remote.codec.w3c.W3CHttpResponseCodec.decode(W3CHttpResponseCodec.java:133)\r\n\tat org.openqa.selenium.remote.codec.w3c.W3CHttpResponseCodec.decode(W3CHttpResponseCodec.java:53)\r\n\tat org.openqa.selenium.remote.HttpCommandExecutor.execute(HttpCommandExecutor.java:184)\r\n\tat org.openqa.selenium.remote.service.DriverCommandExecutor.invokeExecute(DriverCommandExecutor.java:167)\r\n\tat org.openqa.selenium.remote.service.DriverCommandExecutor.execute(DriverCommandExecutor.java:142)\r\n\tat org.openqa.selenium.remote.RemoteWebDriver.execute(RemoteWebDriver.java:558)\r\n\tat org.openqa.selenium.remote.ElementLocation$ElementFinder$2.findElement(ElementLocation.java:162)\r\n\tat org.openqa.selenium.remote.ElementLocation.findElement(ElementLocation.java:60)\r\n\tat org.openqa.selenium.remote.RemoteWebDriver.findElement(RemoteWebDriver.java:382)\r\n\tat org.openqa.selenium.remote.RemoteWebDriver.findElement(RemoteWebDriver.java:374)\r\n\tat org.openqa.selenium.support.pagefactory.DefaultElementLocator.findElement(DefaultElementLocator.java:70)\r\n\tat org.openqa.selenium.support.pagefactory.internal.LocatingElementHandler.invoke(LocatingElementHandler.java:39)\r\n\tat jdk.proxy2/jdk.proxy2.$Proxy36.clear(Unknown Source)\r\n\tat Pages.registrationPage.setEmail(registrationPage.java:381)\r\n\tat StepDefinition.SD_Registration_2.user_enter_first_name_last_name_address_street_name_city_state_no_data_zip_bith_date_phone_number_user_name_password_email(SD_Registration_2.java:236)\r\n\tat ✽.User enter FirstName \"\", LastName \"\" , Address \"\" , StreetName \"\" , City \"\" , State \"\" , Zip \"\" , BithDate \"\" , PhoneNumber \"\" , UserName \"\" , Password \"\" , Email \"\"(file:///C:/Users/HP/git/LMS_PHase2_Hackathon/src/test/resources/Features/2Registration_2.feature:65)\r\n","duration":211601201600,"status":"failed"},"line":65,"name":"User enter FirstName \"\", LastName \"\" , Address \"\" , StreetName \"\" , City \"\" , State \"\" , Zip \"\" , BithDate \"\" , PhoneNumber \"\" , UserName \"\" , Password \"\" , Email \"\"","match":{"arguments":[{"val":"\"\"","offset":21},{"val":"\"\"","offset":34},{"val":"\"\"","offset":47},{"val":"\"\"","offset":63},{"val":"\"\"","offset":73},{"val":"\"\"","offset":84},{"val":"\"\"","offset":93},{"val":"\"\"","offset":107},{"val":"\"\"","offset":124},{"val":"\"\"","offset":138},{"val":"\"\"","offset":152},{"val":"\"\"","offset":163}],"location":"StepDefinition.SD_Registration_2.user_enter_first_name_last_name_address_street_name_city_state_no_data_zip_bith_date_phone_number_user_name_password_email(java.lang.String,java.lang.String,java.lang.String,java.lang.String,java.lang.String,java.lang.String,java.lang.String,java.lang.String,java.lang.String,java.lang.String,java.lang.String,java.lang.String)"},"keyword":"When "},{"result":{"status":"skipped"},"line":67,"name":"User Successfully SignUp","match":{"location":"StepDefinition.SD_Registration_2.user_successfully_sign_up()"},"keyword":"Then "}]},{"start_timestamp":"2022-09-26T19:34:51.033Z","line":72,"name":"Validating Registration Page text field with multiple values","description":"","id":"validating-the-text-fields-on-the-registration-page;validating-registration-page-text-field-with-multiple-values;;3","type":"scenario","keyword":"Scenario Outline","steps":[{"result":{"duration":2990600,"status":"passed"},"line":64,"name":"User is on the Registration Page","match":{"location":"StepDefinition.SD_Registration_2.user_is_on_the_registration_page()"},"keyword":"Given "},{"result":{"error_message":"org.openqa.selenium.WebDriverException: chrome not reachable\n  (Session info: chrome=105.0.5195.127)\nBuild info: version: '4.1.2', revision: '9a5a329c5a'\nSystem info: host: 'DESKTOP-7JOFLV1', ip: '192.168.1.70', os.name: 'Windows 10', os.arch: 'amd64', os.version: '10.0', java.version: '17.0.2'\nDriver info: org.openqa.selenium.chrome.ChromeDriver\nCommand: [9e7528a0805646bf0a4d1299067f71f9, findElement {using=xpath, value=FirstName}]\nCapabilities {acceptInsecureCerts: false, browserName: chrome, browserVersion: 105.0.5195.127, chrome: {chromedriverVersion: 105.0.5195.52 (412c95e51883..., userDataDir: C:\\Users\\HP\\AppData\\Local\\T...}, goog:chromeOptions: {debuggerAddress: localhost:57672}, javascriptEnabled: true, networkConnectionEnabled: false, pageLoadStrategy: normal, platform: WINDOWS, platformName: WINDOWS, proxy: Proxy(), se:cdp: ws://localhost:57672/devtoo..., se:cdpVersion: 105.0.5195.127, setWindowRect: true, strictFileInteractability: false, timeouts: {implicit: 0, pageLoad: 300000, script: 30000}, unhandledPromptBehavior: dismiss and notify, webauthn:extension:credBlob: true, webauthn:extension:largeBlob: true, webauthn:virtualAuthenticators: true}\nSession ID: 9e7528a0805646bf0a4d1299067f71f9\r\n\tat java.base/jdk.internal.reflect.NativeConstructorAccessorImpl.newInstance0(Native Method)\r\n\tat java.base/jdk.internal.reflect.NativeConstructorAccessorImpl.newInstance(NativeConstructorAccessorImpl.java:77)\r\n\tat java.base/jdk.internal.reflect.DelegatingConstructorAccessorImpl.newInstance(DelegatingConstructorAccessorImpl.java:45)\r\n\tat java.base/java.lang.reflect.Constructor.newInstanceWithCaller(Constructor.java:499)\r\n\tat java.base/java.lang.reflect.Constructor.newInstance(Constructor.java:480)\r\n\tat org.openqa.selenium.remote.codec.w3c.W3CHttpResponseCodec.createException(W3CHttpResponseCodec.java:200)\r\n\tat org.openqa.selenium.remote.codec.w3c.W3CHttpResponseCodec.decode(W3CHttpResponseCodec.java:133)\r\n\tat org.openqa.selenium.remote.codec.w3c.W3CHttpResponseCodec.decode(W3CHttpResponseCodec.java:53)\r\n\tat org.openqa.selenium.remote.HttpCommandExecutor.execute(HttpCommandExecutor.java:184)\r\n\tat org.openqa.selenium.remote.service.DriverCommandExecutor.invokeExecute(DriverCommandExecutor.java:167)\r\n\tat org.openqa.selenium.remote.service.DriverCommandExecutor.execute(DriverCommandExecutor.java:142)\r\n\tat org.openqa.selenium.remote.RemoteWebDriver.execute(RemoteWebDriver.java:558)\r\n\tat org.openqa.selenium.remote.ElementLocation$ElementFinder$2.findElement(ElementLocation.java:162)\r\n\tat org.openqa.selenium.remote.ElementLocation.findElement(ElementLocation.java:60)\r\n\tat org.openqa.selenium.remote.RemoteWebDriver.findElement(RemoteWebDriver.java:382)\r\n\tat org.openqa.selenium.remote.RemoteWebDriver.findElement(RemoteWebDriver.java:374)\r\n\tat org.openqa.selenium.support.pagefactory.DefaultElementLocator.findElement(DefaultElementLocator.java:70)\r\n\tat org.openqa.selenium.support.pagefactory.internal.LocatingElementHandler.invoke(LocatingElementHandler.java:39)\r\n\tat jdk.proxy2/jdk.proxy2.$Proxy36.clear(Unknown Source)\r\n\tat Pages.registrationPage.setFirstName(registrationPage.java:261)\r\n\tat StepDefinition.SD_Registration_2.user_enter_first_name_last_name_address_street_name_city_state_no_data_zip_bith_date_phone_number_user_name_password_email(SD_Registration_2.java:226)\r\n\tat ✽.User enter FirstName \"123_Invalid\", LastName \"Valid\" , Address \"Valid\" , StreetName \"Valid\" , City \"Valid\" , State \"Valid\" , Zip \"Valid\" , BithDate \"Valid\" , PhoneNumber \"Valid\" , UserName \"Valid\" , Password \"Valid\" , Email \"Valid\"(file:///C:/Users/HP/git/LMS_PHase2_Hackathon/src/test/resources/Features/2Registration_2.feature:65)\r\n","duration":10477351200,"status":"failed"},"line":65,"name":"User enter FirstName \"123_Invalid\", LastName \"Valid\" , Address \"Valid\" , StreetName \"Valid\" , City \"Valid\" , State \"Valid\" , Zip \"Valid\" , BithDate \"Valid\" , PhoneNumber \"Valid\" , UserName \"Valid\" , Password \"Valid\" , Email \"Valid\"","match":{"arguments":[{"val":"\"123_Invalid\"","offset":21},{"val":"\"Valid\"","offset":45},{"val":"\"Valid\"","offset":63},{"val":"\"Valid\"","offset":84},{"val":"\"Valid\"","offset":99},{"val":"\"Valid\"","offset":115},{"val":"\"Valid\"","offset":129},{"val":"\"Valid\"","offset":148},{"val":"\"Valid\"","offset":170},{"val":"\"Valid\"","offset":189},{"val":"\"Valid\"","offset":208},{"val":"\"Valid\"","offset":224}],"location":"StepDefinition.SD_Registration_2.user_enter_first_name_last_name_address_street_name_city_state_no_data_zip_bith_date_phone_number_user_name_password_email(java.lang.String,java.lang.String,java.lang.String,java.lang.String,java.lang.String,java.lang.String,java.lang.String,java.lang.String,java.lang.String,java.lang.String,java.lang.String,java.lang.String)"},"keyword":"When "},{"result":{"duration":998600,"status":"skipped"},"line":67,"name":"User Successfully SignUp","match":{"location":"StepDefinition.SD_Registration_2.user_successfully_sign_up()"},"keyword":"Then "}]},{"start_timestamp":"2022-09-26T19:35:01.658Z","line":73,"name":"Validating Registration Page text field with multiple values","description":"","id":"validating-the-text-fields-on-the-registration-page;validating-registration-page-text-field-with-multiple-values;;4","type":"scenario","keyword":"Scenario Outline","steps":[{"result":{"duration":3990200,"status":"passed"},"line":64,"name":"User is on the Registration Page","match":{"location":"StepDefinition.SD_Registration_2.user_is_on_the_registration_page()"},"keyword":"Given "},{"result":{"error_message":"org.openqa.selenium.WebDriverException: chrome not reachable\n  (Session info: chrome=105.0.5195.127)\nBuild info: version: '4.1.2', revision: '9a5a329c5a'\nSystem info: host: 'DESKTOP-7JOFLV1', ip: '192.168.1.70', os.name: 'Windows 10', os.arch: 'amd64', os.version: '10.0', java.version: '17.0.2'\nDriver info: org.openqa.selenium.chrome.ChromeDriver\nCommand: [9e7528a0805646bf0a4d1299067f71f9, findElement {using=xpath, value=FirstName}]\nCapabilities {acceptInsecureCerts: false, browserName: chrome, browserVersion: 105.0.5195.127, chrome: {chromedriverVersion: 105.0.5195.52 (412c95e51883..., userDataDir: C:\\Users\\HP\\AppData\\Local\\T...}, goog:chromeOptions: {debuggerAddress: localhost:57672}, javascriptEnabled: true, networkConnectionEnabled: false, pageLoadStrategy: normal, platform: WINDOWS, platformName: WINDOWS, proxy: Proxy(), se:cdp: ws://localhost:57672/devtoo..., se:cdpVersion: 105.0.5195.127, setWindowRect: true, strictFileInteractability: false, timeouts: {implicit: 0, pageLoad: 300000, script: 30000}, unhandledPromptBehavior: dismiss and notify, webauthn:extension:credBlob: true, webauthn:extension:largeBlob: true, webauthn:virtualAuthenticators: true}\nSession ID: 9e7528a0805646bf0a4d1299067f71f9\r\n\tat java.base/jdk.internal.reflect.NativeConstructorAccessorImpl.newInstance0(Native Method)\r\n\tat java.base/jdk.internal.reflect.NativeConstructorAccessorImpl.newInstance(NativeConstructorAccessorImpl.java:77)\r\n\tat java.base/jdk.internal.reflect.DelegatingConstructorAccessorImpl.newInstance(DelegatingConstructorAccessorImpl.java:45)\r\n\tat java.base/java.lang.reflect.Constructor.newInstanceWithCaller(Constructor.java:499)\r\n\tat java.base/java.lang.reflect.Constructor.newInstance(Constructor.java:480)\r\n\tat org.openqa.selenium.remote.codec.w3c.W3CHttpResponseCodec.createException(W3CHttpResponseCodec.java:200)\r\n\tat org.openqa.selenium.remote.codec.w3c.W3CHttpResponseCodec.decode(W3CHttpResponseCodec.java:133)\r\n\tat org.openqa.selenium.remote.codec.w3c.W3CHttpResponseCodec.decode(W3CHttpResponseCodec.java:53)\r\n\tat org.openqa.selenium.remote.HttpCommandExecutor.execute(HttpCommandExecutor.java:184)\r\n\tat org.openqa.selenium.remote.service.DriverCommandExecutor.invokeExecute(DriverCommandExecutor.java:167)\r\n\tat org.openqa.selenium.remote.service.DriverCommandExecutor.execute(DriverCommandExecutor.java:142)\r\n\tat org.openqa.selenium.remote.RemoteWebDriver.execute(RemoteWebDriver.java:558)\r\n\tat org.openqa.selenium.remote.ElementLocation$ElementFinder$2.findElement(ElementLocation.java:162)\r\n\tat org.openqa.selenium.remote.ElementLocation.findElement(ElementLocation.java:60)\r\n\tat org.openqa.selenium.remote.RemoteWebDriver.findElement(RemoteWebDriver.java:382)\r\n\tat org.openqa.selenium.remote.RemoteWebDriver.findElement(RemoteWebDriver.java:374)\r\n\tat org.openqa.selenium.support.pagefactory.DefaultElementLocator.findElement(DefaultElementLocator.java:70)\r\n\tat org.openqa.selenium.support.pagefactory.internal.LocatingElementHandler.invoke(LocatingElementHandler.java:39)\r\n\tat jdk.proxy2/jdk.proxy2.$Proxy36.clear(Unknown Source)\r\n\tat Pages.registrationPage.setFirstName(registrationPage.java:261)\r\n\tat StepDefinition.SD_Registration_2.user_enter_first_name_last_name_address_street_name_city_state_no_data_zip_bith_date_phone_number_user_name_password_email(SD_Registration_2.java:226)\r\n\tat ✽.User enter FirstName \"Valid\", LastName \"123_Invalid\" , Address \"Valid\" , StreetName \"Valid\" , City \"Valid\" , State \"Valid\" , Zip \"Valid\" , BithDate \"Valid\" , PhoneNumber \"Valid\" , UserName \"Valid\" , Password \"Valid\" , Email \"Valid\"(file:///C:/Users/HP/git/LMS_PHase2_Hackathon/src/test/resources/Features/2Registration_2.feature:65)\r\n","duration":10474592400,"status":"failed"},"line":65,"name":"User enter FirstName \"Valid\", LastName \"123_Invalid\" , Address \"Valid\" , StreetName \"Valid\" , City \"Valid\" , State \"Valid\" , Zip \"Valid\" , BithDate \"Valid\" , PhoneNumber \"Valid\" , UserName \"Valid\" , Password \"Valid\" , Email \"Valid\"","match":{"arguments":[{"val":"\"Valid\"","offset":21},{"val":"\"123_Invalid\"","offset":39},{"val":"\"Valid\"","offset":63},{"val":"\"Valid\"","offset":84},{"val":"\"Valid\"","offset":99},{"val":"\"Valid\"","offset":115},{"val":"\"Valid\"","offset":129},{"val":"\"Valid\"","offset":148},{"val":"\"Valid\"","offset":170},{"val":"\"Valid\"","offset":189},{"val":"\"Valid\"","offset":208},{"val":"\"Valid\"","offset":224}],"location":"StepDefinition.SD_Registration_2.user_enter_first_name_last_name_address_street_name_city_state_no_data_zip_bith_date_phone_number_user_name_password_email(java.lang.String,java.lang.String,java.lang.String,java.lang.String,java.lang.String,java.lang.String,java.lang.String,java.lang.String,java.lang.String,java.lang.String,java.lang.String,java.lang.String)"},"keyword":"When "},{"result":{"status":"skipped"},"line":67,"name":"User Successfully SignUp","match":{"location":"StepDefinition.SD_Registration_2.user_successfully_sign_up()"},"keyword":"Then "}]},{"start_timestamp":"2022-09-26T19:35:12.159Z","line":74,"name":"Validating Registration Page text field with multiple values","description":"","id":"validating-the-text-fields-on-the-registration-page;validating-registration-page-text-field-with-multiple-values;;5","type":"scenario","keyword":"Scenario Outline","steps":[{"result":{"duration":2509500,"status":"passed"},"line":64,"name":"User is on the Registration Page","match":{"location":"StepDefinition.SD_Registration_2.user_is_on_the_registration_page()"},"keyword":"Given "},{"result":{"error_message":"org.openqa.selenium.WebDriverException: chrome not reachable\n  (Session info: chrome=105.0.5195.127)\nBuild info: version: '4.1.2', revision: '9a5a329c5a'\nSystem info: host: 'DESKTOP-7JOFLV1', ip: '192.168.1.70', os.name: 'Windows 10', os.arch: 'amd64', os.version: '10.0', java.version: '17.0.2'\nDriver info: org.openqa.selenium.chrome.ChromeDriver\nCommand: [9e7528a0805646bf0a4d1299067f71f9, findElement {using=xpath, value=FirstName}]\nCapabilities {acceptInsecureCerts: false, browserName: chrome, browserVersion: 105.0.5195.127, chrome: {chromedriverVersion: 105.0.5195.52 (412c95e51883..., userDataDir: C:\\Users\\HP\\AppData\\Local\\T...}, goog:chromeOptions: {debuggerAddress: localhost:57672}, javascriptEnabled: true, networkConnectionEnabled: false, pageLoadStrategy: normal, platform: WINDOWS, platformName: WINDOWS, proxy: Proxy(), se:cdp: ws://localhost:57672/devtoo..., se:cdpVersion: 105.0.5195.127, setWindowRect: true, strictFileInteractability: false, timeouts: {implicit: 0, pageLoad: 300000, script: 30000}, unhandledPromptBehavior: dismiss and notify, webauthn:extension:credBlob: true, webauthn:extension:largeBlob: true, webauthn:virtualAuthenticators: true}\nSession ID: 9e7528a0805646bf0a4d1299067f71f9\r\n\tat java.base/jdk.internal.reflect.NativeConstructorAccessorImpl.newInstance0(Native Method)\r\n\tat java.base/jdk.internal.reflect.NativeConstructorAccessorImpl.newInstance(NativeConstructorAccessorImpl.java:77)\r\n\tat java.base/jdk.internal.reflect.DelegatingConstructorAccessorImpl.newInstance(DelegatingConstructorAccessorImpl.java:45)\r\n\tat java.base/java.lang.reflect.Constructor.newInstanceWithCaller(Constructor.java:499)\r\n\tat java.base/java.lang.reflect.Constructor.newInstance(Constructor.java:480)\r\n\tat org.openqa.selenium.remote.codec.w3c.W3CHttpResponseCodec.createException(W3CHttpResponseCodec.java:200)\r\n\tat org.openqa.selenium.remote.codec.w3c.W3CHttpResponseCodec.decode(W3CHttpResponseCodec.java:133)\r\n\tat org.openqa.selenium.remote.codec.w3c.W3CHttpResponseCodec.decode(W3CHttpResponseCodec.java:53)\r\n\tat org.openqa.selenium.remote.HttpCommandExecutor.execute(HttpCommandExecutor.java:184)\r\n\tat org.openqa.selenium.remote.service.DriverCommandExecutor.invokeExecute(DriverCommandExecutor.java:167)\r\n\tat org.openqa.selenium.remote.service.DriverCommandExecutor.execute(DriverCommandExecutor.java:142)\r\n\tat org.openqa.selenium.remote.RemoteWebDriver.execute(RemoteWebDriver.java:558)\r\n\tat org.openqa.selenium.remote.ElementLocation$ElementFinder$2.findElement(ElementLocation.java:162)\r\n\tat org.openqa.selenium.remote.ElementLocation.findElement(ElementLocation.java:60)\r\n\tat org.openqa.selenium.remote.RemoteWebDriver.findElement(RemoteWebDriver.java:382)\r\n\tat org.openqa.selenium.remote.RemoteWebDriver.findElement(RemoteWebDriver.java:374)\r\n\tat org.openqa.selenium.support.pagefactory.DefaultElementLocator.findElement(DefaultElementLocator.java:70)\r\n\tat org.openqa.selenium.support.pagefactory.internal.LocatingElementHandler.invoke(LocatingElementHandler.java:39)\r\n\tat jdk.proxy2/jdk.proxy2.$Proxy36.clear(Unknown Source)\r\n\tat Pages.registrationPage.setFirstName(registrationPage.java:261)\r\n\tat StepDefinition.SD_Registration_2.user_enter_first_name_last_name_address_street_name_city_state_no_data_zip_bith_date_phone_number_user_name_password_email(SD_Registration_2.java:226)\r\n\tat ✽.User enter FirstName \"Valid\", LastName \"Valid\" , Address \"123_Invalid\" , StreetName \"Valid\" , City \"Valid\" , State \"Valid\" , Zip \"Valid\" , BithDate \"Valid\" , PhoneNumber \"Valid\" , UserName \"Valid\" , Password \"Valid\" , Email \"Valid\"(file:///C:/Users/HP/git/LMS_PHase2_Hackathon/src/test/resources/Features/2Registration_2.feature:65)\r\n","duration":10477210000,"status":"failed"},"line":65,"name":"User enter FirstName \"Valid\", LastName \"Valid\" , Address \"123_Invalid\" , StreetName \"Valid\" , City \"Valid\" , State \"Valid\" , Zip \"Valid\" , BithDate \"Valid\" , PhoneNumber \"Valid\" , UserName \"Valid\" , Password \"Valid\" , Email \"Valid\"","match":{"arguments":[{"val":"\"Valid\"","offset":21},{"val":"\"Valid\"","offset":39},{"val":"\"123_Invalid\"","offset":57},{"val":"\"Valid\"","offset":84},{"val":"\"Valid\"","offset":99},{"val":"\"Valid\"","offset":115},{"val":"\"Valid\"","offset":129},{"val":"\"Valid\"","offset":148},{"val":"\"Valid\"","offset":170},{"val":"\"Valid\"","offset":189},{"val":"\"Valid\"","offset":208},{"val":"\"Valid\"","offset":224}],"location":"StepDefinition.SD_Registration_2.user_enter_first_name_last_name_address_street_name_city_state_no_data_zip_bith_date_phone_number_user_name_password_email(java.lang.String,java.lang.String,java.lang.String,java.lang.String,java.lang.String,java.lang.String,java.lang.String,java.lang.String,java.lang.String,java.lang.String,java.lang.String,java.lang.String)"},"keyword":"When "},{"result":{"status":"skipped"},"line":67,"name":"User Successfully SignUp","match":{"location":"StepDefinition.SD_Registration_2.user_successfully_sign_up()"},"keyword":"Then "}]},{"start_timestamp":"2022-09-26T19:35:22.691Z","line":75,"name":"Validating Registration Page text field with multiple values","description":"","id":"validating-the-text-fields-on-the-registration-page;validating-registration-page-text-field-with-multiple-values;;6","type":"scenario","keyword":"Scenario Outline","steps":[{"result":{"duration":2990600,"status":"passed"},"line":64,"name":"User is on the Registration Page","match":{"location":"StepDefinition.SD_Registration_2.user_is_on_the_registration_page()"},"keyword":"Given "},{"result":{"error_message":"org.openqa.selenium.WebDriverException: chrome not reachable\n  (Session info: chrome=105.0.5195.127)\nBuild info: version: '4.1.2', revision: '9a5a329c5a'\nSystem info: host: 'DESKTOP-7JOFLV1', ip: '192.168.1.70', os.name: 'Windows 10', os.arch: 'amd64', os.version: '10.0', java.version: '17.0.2'\nDriver info: org.openqa.selenium.chrome.ChromeDriver\nCommand: [9e7528a0805646bf0a4d1299067f71f9, findElement {using=xpath, value=FirstName}]\nCapabilities {acceptInsecureCerts: false, browserName: chrome, browserVersion: 105.0.5195.127, chrome: {chromedriverVersion: 105.0.5195.52 (412c95e51883..., userDataDir: C:\\Users\\HP\\AppData\\Local\\T...}, goog:chromeOptions: {debuggerAddress: localhost:57672}, javascriptEnabled: true, networkConnectionEnabled: false, pageLoadStrategy: normal, platform: WINDOWS, platformName: WINDOWS, proxy: Proxy(), se:cdp: ws://localhost:57672/devtoo..., se:cdpVersion: 105.0.5195.127, setWindowRect: true, strictFileInteractability: false, timeouts: {implicit: 0, pageLoad: 300000, script: 30000}, unhandledPromptBehavior: dismiss and notify, webauthn:extension:credBlob: true, webauthn:extension:largeBlob: true, webauthn:virtualAuthenticators: true}\nSession ID: 9e7528a0805646bf0a4d1299067f71f9\r\n\tat java.base/jdk.internal.reflect.NativeConstructorAccessorImpl.newInstance0(Native Method)\r\n\tat java.base/jdk.internal.reflect.NativeConstructorAccessorImpl.newInstance(NativeConstructorAccessorImpl.java:77)\r\n\tat java.base/jdk.internal.reflect.DelegatingConstructorAccessorImpl.newInstance(DelegatingConstructorAccessorImpl.java:45)\r\n\tat java.base/java.lang.reflect.Constructor.newInstanceWithCaller(Constructor.java:499)\r\n\tat java.base/java.lang.reflect.Constructor.newInstance(Constructor.java:480)\r\n\tat org.openqa.selenium.remote.codec.w3c.W3CHttpResponseCodec.createException(W3CHttpResponseCodec.java:200)\r\n\tat org.openqa.selenium.remote.codec.w3c.W3CHttpResponseCodec.decode(W3CHttpResponseCodec.java:133)\r\n\tat org.openqa.selenium.remote.codec.w3c.W3CHttpResponseCodec.decode(W3CHttpResponseCodec.java:53)\r\n\tat org.openqa.selenium.remote.HttpCommandExecutor.execute(HttpCommandExecutor.java:184)\r\n\tat org.openqa.selenium.remote.service.DriverCommandExecutor.invokeExecute(DriverCommandExecutor.java:167)\r\n\tat org.openqa.selenium.remote.service.DriverCommandExecutor.execute(DriverCommandExecutor.java:142)\r\n\tat org.openqa.selenium.remote.RemoteWebDriver.execute(RemoteWebDriver.java:558)\r\n\tat org.openqa.selenium.remote.ElementLocation$ElementFinder$2.findElement(ElementLocation.java:162)\r\n\tat org.openqa.selenium.remote.ElementLocation.findElement(ElementLocation.java:60)\r\n\tat org.openqa.selenium.remote.RemoteWebDriver.findElement(RemoteWebDriver.java:382)\r\n\tat org.openqa.selenium.remote.RemoteWebDriver.findElement(RemoteWebDriver.java:374)\r\n\tat org.openqa.selenium.support.pagefactory.DefaultElementLocator.findElement(DefaultElementLocator.java:70)\r\n\tat org.openqa.selenium.support.pagefactory.internal.LocatingElementHandler.invoke(LocatingElementHandler.java:39)\r\n\tat jdk.proxy2/jdk.proxy2.$Proxy36.clear(Unknown Source)\r\n\tat Pages.registrationPage.setFirstName(registrationPage.java:261)\r\n\tat StepDefinition.SD_Registration_2.user_enter_first_name_last_name_address_street_name_city_state_no_data_zip_bith_date_phone_number_user_name_password_email(SD_Registration_2.java:226)\r\n\tat ✽.User enter FirstName \"Valid\", LastName \"Valid\" , Address \"Valid\" , StreetName \"123_Invalid\" , City \"Valid\" , State \"Valid\" , Zip \"Valid\" , BithDate \"Valid\" , PhoneNumber \"Valid\" , UserName \"Valid\" , Password \"Valid\" , Email \"Valid\"(file:///C:/Users/HP/git/LMS_PHase2_Hackathon/src/test/resources/Features/2Registration_2.feature:65)\r\n","duration":10499121100,"status":"failed"},"line":65,"name":"User enter FirstName \"Valid\", LastName \"Valid\" , Address \"Valid\" , StreetName \"123_Invalid\" , City \"Valid\" , State \"Valid\" , Zip \"Valid\" , BithDate \"Valid\" , PhoneNumber \"Valid\" , UserName \"Valid\" , Password \"Valid\" , Email \"Valid\"","match":{"arguments":[{"val":"\"Valid\"","offset":21},{"val":"\"Valid\"","offset":39},{"val":"\"Valid\"","offset":57},{"val":"\"123_Invalid\"","offset":78},{"val":"\"Valid\"","offset":99},{"val":"\"Valid\"","offset":115},{"val":"\"Valid\"","offset":129},{"val":"\"Valid\"","offset":148},{"val":"\"Valid\"","offset":170},{"val":"\"Valid\"","offset":189},{"val":"\"Valid\"","offset":208},{"val":"\"Valid\"","offset":224}],"location":"StepDefinition.SD_Registration_2.user_enter_first_name_last_name_address_street_name_city_state_no_data_zip_bith_date_phone_number_user_name_password_email(java.lang.String,java.lang.String,java.lang.String,java.lang.String,java.lang.String,java.lang.String,java.lang.String,java.lang.String,java.lang.String,java.lang.String,java.lang.String,java.lang.String)"},"keyword":"When "},{"result":{"status":"skipped"},"line":67,"name":"User Successfully SignUp","match":{"location":"StepDefinition.SD_Registration_2.user_successfully_sign_up()"},"keyword":"Then "}]},{"start_timestamp":"2022-09-26T19:35:33.258Z","line":76,"name":"Validating Registration Page text field with multiple values","description":"","id":"validating-the-text-fields-on-the-registration-page;validating-registration-page-text-field-with-multiple-values;;7","type":"scenario","keyword":"Scenario Outline","steps":[{"result":{"duration":1994300,"status":"passed"},"line":64,"name":"User is on the Registration Page","match":{"location":"StepDefinition.SD_Registration_2.user_is_on_the_registration_page()"},"keyword":"Given "},{"result":{"error_message":"org.openqa.selenium.WebDriverException: chrome not reachable\n  (Session info: chrome=105.0.5195.127)\nBuild info: version: '4.1.2', revision: '9a5a329c5a'\nSystem info: host: 'DESKTOP-7JOFLV1', ip: '192.168.1.70', os.name: 'Windows 10', os.arch: 'amd64', os.version: '10.0', java.version: '17.0.2'\nDriver info: org.openqa.selenium.chrome.ChromeDriver\nCommand: [9e7528a0805646bf0a4d1299067f71f9, findElement {using=xpath, value=FirstName}]\nCapabilities {acceptInsecureCerts: false, browserName: chrome, browserVersion: 105.0.5195.127, chrome: {chromedriverVersion: 105.0.5195.52 (412c95e51883..., userDataDir: C:\\Users\\HP\\AppData\\Local\\T...}, goog:chromeOptions: {debuggerAddress: localhost:57672}, javascriptEnabled: true, networkConnectionEnabled: false, pageLoadStrategy: normal, platform: WINDOWS, platformName: WINDOWS, proxy: Proxy(), se:cdp: ws://localhost:57672/devtoo..., se:cdpVersion: 105.0.5195.127, setWindowRect: true, strictFileInteractability: false, timeouts: {implicit: 0, pageLoad: 300000, script: 30000}, unhandledPromptBehavior: dismiss and notify, webauthn:extension:credBlob: true, webauthn:extension:largeBlob: true, webauthn:virtualAuthenticators: true}\nSession ID: 9e7528a0805646bf0a4d1299067f71f9\r\n\tat java.base/jdk.internal.reflect.NativeConstructorAccessorImpl.newInstance0(Native Method)\r\n\tat java.base/jdk.internal.reflect.NativeConstructorAccessorImpl.newInstance(NativeConstructorAccessorImpl.java:77)\r\n\tat java.base/jdk.internal.reflect.DelegatingConstructorAccessorImpl.newInstance(DelegatingConstructorAccessorImpl.java:45)\r\n\tat java.base/java.lang.reflect.Constructor.newInstanceWithCaller(Constructor.java:499)\r\n\tat java.base/java.lang.reflect.Constructor.newInstance(Constructor.java:480)\r\n\tat org.openqa.selenium.remote.codec.w3c.W3CHttpResponseCodec.createException(W3CHttpResponseCodec.java:200)\r\n\tat org.openqa.selenium.remote.codec.w3c.W3CHttpResponseCodec.decode(W3CHttpResponseCodec.java:133)\r\n\tat org.openqa.selenium.remote.codec.w3c.W3CHttpResponseCodec.decode(W3CHttpResponseCodec.java:53)\r\n\tat org.openqa.selenium.remote.HttpCommandExecutor.execute(HttpCommandExecutor.java:184)\r\n\tat org.openqa.selenium.remote.service.DriverCommandExecutor.invokeExecute(DriverCommandExecutor.java:167)\r\n\tat org.openqa.selenium.remote.service.DriverCommandExecutor.execute(DriverCommandExecutor.java:142)\r\n\tat org.openqa.selenium.remote.RemoteWebDriver.execute(RemoteWebDriver.java:558)\r\n\tat org.openqa.selenium.remote.ElementLocation$ElementFinder$2.findElement(ElementLocation.java:162)\r\n\tat org.openqa.selenium.remote.ElementLocation.findElement(ElementLocation.java:60)\r\n\tat org.openqa.selenium.remote.RemoteWebDriver.findElement(RemoteWebDriver.java:382)\r\n\tat org.openqa.selenium.remote.RemoteWebDriver.findElement(RemoteWebDriver.java:374)\r\n\tat org.openqa.selenium.support.pagefactory.DefaultElementLocator.findElement(DefaultElementLocator.java:70)\r\n\tat org.openqa.selenium.support.pagefactory.internal.LocatingElementHandler.invoke(LocatingElementHandler.java:39)\r\n\tat jdk.proxy2/jdk.proxy2.$Proxy36.clear(Unknown Source)\r\n\tat Pages.registrationPage.setFirstName(registrationPage.java:261)\r\n\tat StepDefinition.SD_Registration_2.user_enter_first_name_last_name_address_street_name_city_state_no_data_zip_bith_date_phone_number_user_name_password_email(SD_Registration_2.java:226)\r\n\tat ✽.User enter FirstName \"Valid\", LastName \"Valid\" , Address \"Valid\" , StreetName \"Valid\" , City \"123_Invalid\" , State \"Valid\" , Zip \"Valid\" , BithDate \"Valid\" , PhoneNumber \"Valid\" , UserName \"Valid\" , Password \"Valid\" , Email \"Valid\"(file:///C:/Users/HP/git/LMS_PHase2_Hackathon/src/test/resources/Features/2Registration_2.feature:65)\r\n","duration":10469943400,"status":"failed"},"line":65,"name":"User enter FirstName \"Valid\", LastName \"Valid\" , Address \"Valid\" , StreetName \"Valid\" , City \"123_Invalid\" , State \"Valid\" , Zip \"Valid\" , BithDate \"Valid\" , PhoneNumber \"Valid\" , UserName \"Valid\" , Password \"Valid\" , Email \"Valid\"","match":{"arguments":[{"val":"\"Valid\"","offset":21},{"val":"\"Valid\"","offset":39},{"val":"\"Valid\"","offset":57},{"val":"\"Valid\"","offset":78},{"val":"\"123_Invalid\"","offset":93},{"val":"\"Valid\"","offset":115},{"val":"\"Valid\"","offset":129},{"val":"\"Valid\"","offset":148},{"val":"\"Valid\"","offset":170},{"val":"\"Valid\"","offset":189},{"val":"\"Valid\"","offset":208},{"val":"\"Valid\"","offset":224}],"location":"StepDefinition.SD_Registration_2.user_enter_first_name_last_name_address_street_name_city_state_no_data_zip_bith_date_phone_number_user_name_password_email(java.lang.String,java.lang.String,java.lang.String,java.lang.String,java.lang.String,java.lang.String,java.lang.String,java.lang.String,java.lang.String,java.lang.String,java.lang.String,java.lang.String)"},"keyword":"When "},{"result":{"status":"skipped"},"line":67,"name":"User Successfully SignUp","match":{"location":"StepDefinition.SD_Registration_2.user_successfully_sign_up()"},"keyword":"Then "}]},{"start_timestamp":"2022-09-26T19:35:43.763Z","line":77,"name":"Validating Registration Page text field with multiple values","description":"","id":"validating-the-text-fields-on-the-registration-page;validating-registration-page-text-field-with-multiple-values;;8","type":"scenario","keyword":"Scenario Outline","steps":[{"result":{"duration":1993700,"status":"passed"},"line":64,"name":"User is on the Registration Page","match":{"location":"StepDefinition.SD_Registration_2.user_is_on_the_registration_page()"},"keyword":"Given "},{"result":{"error_message":"org.openqa.selenium.WebDriverException: chrome not reachable\n  (Session info: chrome=105.0.5195.127)\nBuild info: version: '4.1.2', revision: '9a5a329c5a'\nSystem info: host: 'DESKTOP-7JOFLV1', ip: '192.168.1.70', os.name: 'Windows 10', os.arch: 'amd64', os.version: '10.0', java.version: '17.0.2'\nDriver info: org.openqa.selenium.chrome.ChromeDriver\nCommand: [9e7528a0805646bf0a4d1299067f71f9, findElement {using=xpath, value=FirstName}]\nCapabilities {acceptInsecureCerts: false, browserName: chrome, browserVersion: 105.0.5195.127, chrome: {chromedriverVersion: 105.0.5195.52 (412c95e51883..., userDataDir: C:\\Users\\HP\\AppData\\Local\\T...}, goog:chromeOptions: {debuggerAddress: localhost:57672}, javascriptEnabled: true, networkConnectionEnabled: false, pageLoadStrategy: normal, platform: WINDOWS, platformName: WINDOWS, proxy: Proxy(), se:cdp: ws://localhost:57672/devtoo..., se:cdpVersion: 105.0.5195.127, setWindowRect: true, strictFileInteractability: false, timeouts: {implicit: 0, pageLoad: 300000, script: 30000}, unhandledPromptBehavior: dismiss and notify, webauthn:extension:credBlob: true, webauthn:extension:largeBlob: true, webauthn:virtualAuthenticators: true}\nSession ID: 9e7528a0805646bf0a4d1299067f71f9\r\n\tat java.base/jdk.internal.reflect.NativeConstructorAccessorImpl.newInstance0(Native Method)\r\n\tat java.base/jdk.internal.reflect.NativeConstructorAccessorImpl.newInstance(NativeConstructorAccessorImpl.java:77)\r\n\tat java.base/jdk.internal.reflect.DelegatingConstructorAccessorImpl.newInstance(DelegatingConstructorAccessorImpl.java:45)\r\n\tat java.base/java.lang.reflect.Constructor.newInstanceWithCaller(Constructor.java:499)\r\n\tat java.base/java.lang.reflect.Constructor.newInstance(Constructor.java:480)\r\n\tat org.openqa.selenium.remote.codec.w3c.W3CHttpResponseCodec.createException(W3CHttpResponseCodec.java:200)\r\n\tat org.openqa.selenium.remote.codec.w3c.W3CHttpResponseCodec.decode(W3CHttpResponseCodec.java:133)\r\n\tat org.openqa.selenium.remote.codec.w3c.W3CHttpResponseCodec.decode(W3CHttpResponseCodec.java:53)\r\n\tat org.openqa.selenium.remote.HttpCommandExecutor.execute(HttpCommandExecutor.java:184)\r\n\tat org.openqa.selenium.remote.service.DriverCommandExecutor.invokeExecute(DriverCommandExecutor.java:167)\r\n\tat org.openqa.selenium.remote.service.DriverCommandExecutor.execute(DriverCommandExecutor.java:142)\r\n\tat org.openqa.selenium.remote.RemoteWebDriver.execute(RemoteWebDriver.java:558)\r\n\tat org.openqa.selenium.remote.ElementLocation$ElementFinder$2.findElement(ElementLocation.java:162)\r\n\tat org.openqa.selenium.remote.ElementLocation.findElement(ElementLocation.java:60)\r\n\tat org.openqa.selenium.remote.RemoteWebDriver.findElement(RemoteWebDriver.java:382)\r\n\tat org.openqa.selenium.remote.RemoteWebDriver.findElement(RemoteWebDriver.java:374)\r\n\tat org.openqa.selenium.support.pagefactory.DefaultElementLocator.findElement(DefaultElementLocator.java:70)\r\n\tat org.openqa.selenium.support.pagefactory.internal.LocatingElementHandler.invoke(LocatingElementHandler.java:39)\r\n\tat jdk.proxy2/jdk.proxy2.$Proxy36.clear(Unknown Source)\r\n\tat Pages.registrationPage.setFirstName(registrationPage.java:261)\r\n\tat StepDefinition.SD_Registration_2.user_enter_first_name_last_name_address_street_name_city_state_no_data_zip_bith_date_phone_number_user_name_password_email(SD_Registration_2.java:226)\r\n\tat ✽.User enter FirstName \"Valid\", LastName \"Valid\" , Address \"Valid\" , StreetName \"Valid\" , City \"Valid\" , State \"123_Invalid\" , Zip \"Valid\" , BithDate \"Valid\" , PhoneNumber \"Valid\" , UserName \"Valid\" , Password \"Valid\" , Email \"Valid\"(file:///C:/Users/HP/git/LMS_PHase2_Hackathon/src/test/resources/Features/2Registration_2.feature:65)\r\n","duration":10513553100,"status":"failed"},"line":65,"name":"User enter FirstName \"Valid\", LastName \"Valid\" , Address \"Valid\" , StreetName \"Valid\" , City \"Valid\" , State \"123_Invalid\" , Zip \"Valid\" , BithDate \"Valid\" , PhoneNumber \"Valid\" , UserName \"Valid\" , Password \"Valid\" , Email \"Valid\"","match":{"arguments":[{"val":"\"Valid\"","offset":21},{"val":"\"Valid\"","offset":39},{"val":"\"Valid\"","offset":57},{"val":"\"Valid\"","offset":78},{"val":"\"Valid\"","offset":93},{"val":"\"123_Invalid\"","offset":109},{"val":"\"Valid\"","offset":129},{"val":"\"Valid\"","offset":148},{"val":"\"Valid\"","offset":170},{"val":"\"Valid\"","offset":189},{"val":"\"Valid\"","offset":208},{"val":"\"Valid\"","offset":224}],"location":"StepDefinition.SD_Registration_2.user_enter_first_name_last_name_address_street_name_city_state_no_data_zip_bith_date_phone_number_user_name_password_email(java.lang.String,java.lang.String,java.lang.String,java.lang.String,java.lang.String,java.lang.String,java.lang.String,java.lang.String,java.lang.String,java.lang.String,java.lang.String,java.lang.String)"},"keyword":"When "},{"result":{"status":"skipped"},"line":67,"name":"User Successfully SignUp","match":{"location":"StepDefinition.SD_Registration_2.user_successfully_sign_up()"},"keyword":"Then "}]},{"start_timestamp":"2022-09-26T19:35:54.300Z","line":78,"name":"Validating Registration Page text field with multiple values","description":"","id":"validating-the-text-fields-on-the-registration-page;validating-registration-page-text-field-with-multiple-values;;9","type":"scenario","keyword":"Scenario Outline","steps":[{"result":{"duration":1086800,"status":"passed"},"line":64,"name":"User is on the Registration Page","match":{"location":"StepDefinition.SD_Registration_2.user_is_on_the_registration_page()"},"keyword":"Given "},{"result":{"error_message":"org.openqa.selenium.WebDriverException: chrome not reachable\n  (Session info: chrome=105.0.5195.127)\nBuild info: version: '4.1.2', revision: '9a5a329c5a'\nSystem info: host: 'DESKTOP-7JOFLV1', ip: '192.168.1.70', os.name: 'Windows 10', os.arch: 'amd64', os.version: '10.0', java.version: '17.0.2'\nDriver info: org.openqa.selenium.chrome.ChromeDriver\nCommand: [9e7528a0805646bf0a4d1299067f71f9, findElement {using=xpath, value=FirstName}]\nCapabilities {acceptInsecureCerts: false, browserName: chrome, browserVersion: 105.0.5195.127, chrome: {chromedriverVersion: 105.0.5195.52 (412c95e51883..., userDataDir: C:\\Users\\HP\\AppData\\Local\\T...}, goog:chromeOptions: {debuggerAddress: localhost:57672}, javascriptEnabled: true, networkConnectionEnabled: false, pageLoadStrategy: normal, platform: WINDOWS, platformName: WINDOWS, proxy: Proxy(), se:cdp: ws://localhost:57672/devtoo..., se:cdpVersion: 105.0.5195.127, setWindowRect: true, strictFileInteractability: false, timeouts: {implicit: 0, pageLoad: 300000, script: 30000}, unhandledPromptBehavior: dismiss and notify, webauthn:extension:credBlob: true, webauthn:extension:largeBlob: true, webauthn:virtualAuthenticators: true}\nSession ID: 9e7528a0805646bf0a4d1299067f71f9\r\n\tat java.base/jdk.internal.reflect.NativeConstructorAccessorImpl.newInstance0(Native Method)\r\n\tat java.base/jdk.internal.reflect.NativeConstructorAccessorImpl.newInstance(NativeConstructorAccessorImpl.java:77)\r\n\tat java.base/jdk.internal.reflect.DelegatingConstructorAccessorImpl.newInstance(DelegatingConstructorAccessorImpl.java:45)\r\n\tat java.base/java.lang.reflect.Constructor.newInstanceWithCaller(Constructor.java:499)\r\n\tat java.base/java.lang.reflect.Constructor.newInstance(Constructor.java:480)\r\n\tat org.openqa.selenium.remote.codec.w3c.W3CHttpResponseCodec.createException(W3CHttpResponseCodec.java:200)\r\n\tat org.openqa.selenium.remote.codec.w3c.W3CHttpResponseCodec.decode(W3CHttpResponseCodec.java:133)\r\n\tat org.openqa.selenium.remote.codec.w3c.W3CHttpResponseCodec.decode(W3CHttpResponseCodec.java:53)\r\n\tat org.openqa.selenium.remote.HttpCommandExecutor.execute(HttpCommandExecutor.java:184)\r\n\tat org.openqa.selenium.remote.service.DriverCommandExecutor.invokeExecute(DriverCommandExecutor.java:167)\r\n\tat org.openqa.selenium.remote.service.DriverCommandExecutor.execute(DriverCommandExecutor.java:142)\r\n\tat org.openqa.selenium.remote.RemoteWebDriver.execute(RemoteWebDriver.java:558)\r\n\tat org.openqa.selenium.remote.ElementLocation$ElementFinder$2.findElement(ElementLocation.java:162)\r\n\tat org.openqa.selenium.remote.ElementLocation.findElement(ElementLocation.java:60)\r\n\tat org.openqa.selenium.remote.RemoteWebDriver.findElement(RemoteWebDriver.java:382)\r\n\tat org.openqa.selenium.remote.RemoteWebDriver.findElement(RemoteWebDriver.java:374)\r\n\tat org.openqa.selenium.support.pagefactory.DefaultElementLocator.findElement(DefaultElementLocator.java:70)\r\n\tat org.openqa.selenium.support.pagefactory.internal.LocatingElementHandler.invoke(LocatingElementHandler.java:39)\r\n\tat jdk.proxy2/jdk.proxy2.$Proxy36.clear(Unknown Source)\r\n\tat Pages.registrationPage.setFirstName(registrationPage.java:261)\r\n\tat StepDefinition.SD_Registration_2.user_enter_first_name_last_name_address_street_name_city_state_no_data_zip_bith_date_phone_number_user_name_password_email(SD_Registration_2.java:226)\r\n\tat ✽.User enter FirstName \"Valid\", LastName \"Valid\" , Address \"Valid\" , StreetName \"Valid\" , City \"Valid\" , State \"Valid\" , Zip \"123_Invalid\" , BithDate \"Valid\" , PhoneNumber \"Valid\" , UserName \"Valid\" , Password \"Valid\" , Email \"Valid\"(file:///C:/Users/HP/git/LMS_PHase2_Hackathon/src/test/resources/Features/2Registration_2.feature:65)\r\n","duration":10476404500,"status":"failed"},"line":65,"name":"User enter FirstName \"Valid\", LastName \"Valid\" , Address \"Valid\" , StreetName \"Valid\" , City \"Valid\" , State \"Valid\" , Zip \"123_Invalid\" , BithDate \"Valid\" , PhoneNumber \"Valid\" , UserName \"Valid\" , Password \"Valid\" , Email \"Valid\"","match":{"arguments":[{"val":"\"Valid\"","offset":21},{"val":"\"Valid\"","offset":39},{"val":"\"Valid\"","offset":57},{"val":"\"Valid\"","offset":78},{"val":"\"Valid\"","offset":93},{"val":"\"Valid\"","offset":109},{"val":"\"123_Invalid\"","offset":123},{"val":"\"Valid\"","offset":148},{"val":"\"Valid\"","offset":170},{"val":"\"Valid\"","offset":189},{"val":"\"Valid\"","offset":208},{"val":"\"Valid\"","offset":224}],"location":"StepDefinition.SD_Registration_2.user_enter_first_name_last_name_address_street_name_city_state_no_data_zip_bith_date_phone_number_user_name_password_email(java.lang.String,java.lang.String,java.lang.String,java.lang.String,java.lang.String,java.lang.String,java.lang.String,java.lang.String,java.lang.String,java.lang.String,java.lang.String,java.lang.String)"},"keyword":"When "},{"result":{"status":"skipped"},"line":67,"name":"User Successfully SignUp","match":{"location":"StepDefinition.SD_Registration_2.user_successfully_sign_up()"},"keyword":"Then "}]},{"start_timestamp":"2022-09-26T19:36:04.808Z","line":79,"name":"Validating Registration Page text field with multiple values","description":"","id":"validating-the-text-fields-on-the-registration-page;validating-registration-page-text-field-with-multiple-values;;10","type":"scenario","keyword":"Scenario Outline","steps":[{"result":{"duration":2057900,"status":"passed"},"line":64,"name":"User is on the Registration Page","match":{"location":"StepDefinition.SD_Registration_2.user_is_on_the_registration_page()"},"keyword":"Given "},{"result":{"error_message":"org.openqa.selenium.WebDriverException: chrome not reachable\n  (Session info: chrome=105.0.5195.127)\nBuild info: version: '4.1.2', revision: '9a5a329c5a'\nSystem info: host: 'DESKTOP-7JOFLV1', ip: '192.168.1.70', os.name: 'Windows 10', os.arch: 'amd64', os.version: '10.0', java.version: '17.0.2'\nDriver info: org.openqa.selenium.chrome.ChromeDriver\nCommand: [9e7528a0805646bf0a4d1299067f71f9, findElement {using=xpath, value=FirstName}]\nCapabilities {acceptInsecureCerts: false, browserName: chrome, browserVersion: 105.0.5195.127, chrome: {chromedriverVersion: 105.0.5195.52 (412c95e51883..., userDataDir: C:\\Users\\HP\\AppData\\Local\\T...}, goog:chromeOptions: {debuggerAddress: localhost:57672}, javascriptEnabled: true, networkConnectionEnabled: false, pageLoadStrategy: normal, platform: WINDOWS, platformName: WINDOWS, proxy: Proxy(), se:cdp: ws://localhost:57672/devtoo..., se:cdpVersion: 105.0.5195.127, setWindowRect: true, strictFileInteractability: false, timeouts: {implicit: 0, pageLoad: 300000, script: 30000}, unhandledPromptBehavior: dismiss and notify, webauthn:extension:credBlob: true, webauthn:extension:largeBlob: true, webauthn:virtualAuthenticators: true}\nSession ID: 9e7528a0805646bf0a4d1299067f71f9\r\n\tat java.base/jdk.internal.reflect.NativeConstructorAccessorImpl.newInstance0(Native Method)\r\n\tat java.base/jdk.internal.reflect.NativeConstructorAccessorImpl.newInstance(NativeConstructorAccessorImpl.java:77)\r\n\tat java.base/jdk.internal.reflect.DelegatingConstructorAccessorImpl.newInstance(DelegatingConstructorAccessorImpl.java:45)\r\n\tat java.base/java.lang.reflect.Constructor.newInstanceWithCaller(Constructor.java:499)\r\n\tat java.base/java.lang.reflect.Constructor.newInstance(Constructor.java:480)\r\n\tat org.openqa.selenium.remote.codec.w3c.W3CHttpResponseCodec.createException(W3CHttpResponseCodec.java:200)\r\n\tat org.openqa.selenium.remote.codec.w3c.W3CHttpResponseCodec.decode(W3CHttpResponseCodec.java:133)\r\n\tat org.openqa.selenium.remote.codec.w3c.W3CHttpResponseCodec.decode(W3CHttpResponseCodec.java:53)\r\n\tat org.openqa.selenium.remote.HttpCommandExecutor.execute(HttpCommandExecutor.java:184)\r\n\tat org.openqa.selenium.remote.service.DriverCommandExecutor.invokeExecute(DriverCommandExecutor.java:167)\r\n\tat org.openqa.selenium.remote.service.DriverCommandExecutor.execute(DriverCommandExecutor.java:142)\r\n\tat org.openqa.selenium.remote.RemoteWebDriver.execute(RemoteWebDriver.java:558)\r\n\tat org.openqa.selenium.remote.ElementLocation$ElementFinder$2.findElement(ElementLocation.java:162)\r\n\tat org.openqa.selenium.remote.ElementLocation.findElement(ElementLocation.java:60)\r\n\tat org.openqa.selenium.remote.RemoteWebDriver.findElement(RemoteWebDriver.java:382)\r\n\tat org.openqa.selenium.remote.RemoteWebDriver.findElement(RemoteWebDriver.java:374)\r\n\tat org.openqa.selenium.support.pagefactory.DefaultElementLocator.findElement(DefaultElementLocator.java:70)\r\n\tat org.openqa.selenium.support.pagefactory.internal.LocatingElementHandler.invoke(LocatingElementHandler.java:39)\r\n\tat jdk.proxy2/jdk.proxy2.$Proxy36.clear(Unknown Source)\r\n\tat Pages.registrationPage.setFirstName(registrationPage.java:261)\r\n\tat StepDefinition.SD_Registration_2.user_enter_first_name_last_name_address_street_name_city_state_no_data_zip_bith_date_phone_number_user_name_password_email(SD_Registration_2.java:226)\r\n\tat ✽.User enter FirstName \"Valid\", LastName \"Valid\" , Address \"Valid\" , StreetName \"Valid\" , City \"Valid\" , State \"Valid\" , Zip \"Valid\" , BithDate \"123_Invalid\" , PhoneNumber \"Valid\" , UserName \"Valid\" , Password \"Valid\" , Email \"Valid\"(file:///C:/Users/HP/git/LMS_PHase2_Hackathon/src/test/resources/Features/2Registration_2.feature:65)\r\n","duration":10505816700,"status":"failed"},"line":65,"name":"User enter FirstName \"Valid\", LastName \"Valid\" , Address \"Valid\" , StreetName \"Valid\" , City \"Valid\" , State \"Valid\" , Zip \"Valid\" , BithDate \"123_Invalid\" , PhoneNumber \"Valid\" , UserName \"Valid\" , Password \"Valid\" , Email \"Valid\"","match":{"arguments":[{"val":"\"Valid\"","offset":21},{"val":"\"Valid\"","offset":39},{"val":"\"Valid\"","offset":57},{"val":"\"Valid\"","offset":78},{"val":"\"Valid\"","offset":93},{"val":"\"Valid\"","offset":109},{"val":"\"Valid\"","offset":123},{"val":"\"123_Invalid\"","offset":142},{"val":"\"Valid\"","offset":170},{"val":"\"Valid\"","offset":189},{"val":"\"Valid\"","offset":208},{"val":"\"Valid\"","offset":224}],"location":"StepDefinition.SD_Registration_2.user_enter_first_name_last_name_address_street_name_city_state_no_data_zip_bith_date_phone_number_user_name_password_email(java.lang.String,java.lang.String,java.lang.String,java.lang.String,java.lang.String,java.lang.String,java.lang.String,java.lang.String,java.lang.String,java.lang.String,java.lang.String,java.lang.String)"},"keyword":"When "},{"result":{"status":"skipped"},"line":67,"name":"User Successfully SignUp","match":{"location":"StepDefinition.SD_Registration_2.user_successfully_sign_up()"},"keyword":"Then "}]},{"start_timestamp":"2022-09-26T19:36:15.341Z","line":80,"name":"Validating Registration Page text field with multiple values","description":"","id":"validating-the-text-fields-on-the-registration-page;validating-registration-page-text-field-with-multiple-values;;11","type":"scenario","keyword":"Scenario Outline","steps":[{"result":{"duration":1004600,"status":"passed"},"line":64,"name":"User is on the Registration Page","match":{"location":"StepDefinition.SD_Registration_2.user_is_on_the_registration_page()"},"keyword":"Given "},{"result":{"error_message":"org.openqa.selenium.WebDriverException: chrome not reachable\n  (Session info: chrome=105.0.5195.127)\nBuild info: version: '4.1.2', revision: '9a5a329c5a'\nSystem info: host: 'DESKTOP-7JOFLV1', ip: '192.168.1.70', os.name: 'Windows 10', os.arch: 'amd64', os.version: '10.0', java.version: '17.0.2'\nDriver info: org.openqa.selenium.chrome.ChromeDriver\nCommand: [9e7528a0805646bf0a4d1299067f71f9, findElement {using=xpath, value=FirstName}]\nCapabilities {acceptInsecureCerts: false, browserName: chrome, browserVersion: 105.0.5195.127, chrome: {chromedriverVersion: 105.0.5195.52 (412c95e51883..., userDataDir: C:\\Users\\HP\\AppData\\Local\\T...}, goog:chromeOptions: {debuggerAddress: localhost:57672}, javascriptEnabled: true, networkConnectionEnabled: false, pageLoadStrategy: normal, platform: WINDOWS, platformName: WINDOWS, proxy: Proxy(), se:cdp: ws://localhost:57672/devtoo..., se:cdpVersion: 105.0.5195.127, setWindowRect: true, strictFileInteractability: false, timeouts: {implicit: 0, pageLoad: 300000, script: 30000}, unhandledPromptBehavior: dismiss and notify, webauthn:extension:credBlob: true, webauthn:extension:largeBlob: true, webauthn:virtualAuthenticators: true}\nSession ID: 9e7528a0805646bf0a4d1299067f71f9\r\n\tat java.base/jdk.internal.reflect.NativeConstructorAccessorImpl.newInstance0(Native Method)\r\n\tat java.base/jdk.internal.reflect.NativeConstructorAccessorImpl.newInstance(NativeConstructorAccessorImpl.java:77)\r\n\tat java.base/jdk.internal.reflect.DelegatingConstructorAccessorImpl.newInstance(DelegatingConstructorAccessorImpl.java:45)\r\n\tat java.base/java.lang.reflect.Constructor.newInstanceWithCaller(Constructor.java:499)\r\n\tat java.base/java.lang.reflect.Constructor.newInstance(Constructor.java:480)\r\n\tat org.openqa.selenium.remote.codec.w3c.W3CHttpResponseCodec.createException(W3CHttpResponseCodec.java:200)\r\n\tat org.openqa.selenium.remote.codec.w3c.W3CHttpResponseCodec.decode(W3CHttpResponseCodec.java:133)\r\n\tat org.openqa.selenium.remote.codec.w3c.W3CHttpResponseCodec.decode(W3CHttpResponseCodec.java:53)\r\n\tat org.openqa.selenium.remote.HttpCommandExecutor.execute(HttpCommandExecutor.java:184)\r\n\tat org.openqa.selenium.remote.service.DriverCommandExecutor.invokeExecute(DriverCommandExecutor.java:167)\r\n\tat org.openqa.selenium.remote.service.DriverCommandExecutor.execute(DriverCommandExecutor.java:142)\r\n\tat org.openqa.selenium.remote.RemoteWebDriver.execute(RemoteWebDriver.java:558)\r\n\tat org.openqa.selenium.remote.ElementLocation$ElementFinder$2.findElement(ElementLocation.java:162)\r\n\tat org.openqa.selenium.remote.ElementLocation.findElement(ElementLocation.java:60)\r\n\tat org.openqa.selenium.remote.RemoteWebDriver.findElement(RemoteWebDriver.java:382)\r\n\tat org.openqa.selenium.remote.RemoteWebDriver.findElement(RemoteWebDriver.java:374)\r\n\tat org.openqa.selenium.support.pagefactory.DefaultElementLocator.findElement(DefaultElementLocator.java:70)\r\n\tat org.openqa.selenium.support.pagefactory.internal.LocatingElementHandler.invoke(LocatingElementHandler.java:39)\r\n\tat jdk.proxy2/jdk.proxy2.$Proxy36.clear(Unknown Source)\r\n\tat Pages.registrationPage.setFirstName(registrationPage.java:261)\r\n\tat StepDefinition.SD_Registration_2.user_enter_first_name_last_name_address_street_name_city_state_no_data_zip_bith_date_phone_number_user_name_password_email(SD_Registration_2.java:226)\r\n\tat ✽.User enter FirstName \"Valid\", LastName \"Valid\" , Address \"Valid\" , StreetName \"Valid\" , City \"Valid\" , State \"Valid\" , Zip \"Valid\" , BithDate \"Valid\" , PhoneNumber \"123_Invalid\" , UserName \"Valid\" , Password \"Valid\" , Email \"Valid\"(file:///C:/Users/HP/git/LMS_PHase2_Hackathon/src/test/resources/Features/2Registration_2.feature:65)\r\n","duration":10490011100,"status":"failed"},"line":65,"name":"User enter FirstName \"Valid\", LastName \"Valid\" , Address \"Valid\" , StreetName \"Valid\" , City \"Valid\" , State \"Valid\" , Zip \"Valid\" , BithDate \"Valid\" , PhoneNumber \"123_Invalid\" , UserName \"Valid\" , Password \"Valid\" , Email \"Valid\"","match":{"arguments":[{"val":"\"Valid\"","offset":21},{"val":"\"Valid\"","offset":39},{"val":"\"Valid\"","offset":57},{"val":"\"Valid\"","offset":78},{"val":"\"Valid\"","offset":93},{"val":"\"Valid\"","offset":109},{"val":"\"Valid\"","offset":123},{"val":"\"Valid\"","offset":142},{"val":"\"123_Invalid\"","offset":164},{"val":"\"Valid\"","offset":189},{"val":"\"Valid\"","offset":208},{"val":"\"Valid\"","offset":224}],"location":"StepDefinition.SD_Registration_2.user_enter_first_name_last_name_address_street_name_city_state_no_data_zip_bith_date_phone_number_user_name_password_email(java.lang.String,java.lang.String,java.lang.String,java.lang.String,java.lang.String,java.lang.String,java.lang.String,java.lang.String,java.lang.String,java.lang.String,java.lang.String,java.lang.String)"},"keyword":"When "},{"result":{"status":"skipped"},"line":67,"name":"User Successfully SignUp","match":{"location":"StepDefinition.SD_Registration_2.user_successfully_sign_up()"},"keyword":"Then "}]},{"start_timestamp":"2022-09-26T19:36:25.891Z","line":81,"name":"Validating Registration Page text field with multiple values","description":"","id":"validating-the-text-fields-on-the-registration-page;validating-registration-page-text-field-with-multiple-values;;12","type":"scenario","keyword":"Scenario Outline","steps":[{"result":{"duration":7976300,"status":"passed"},"line":64,"name":"User is on the Registration Page","match":{"location":"StepDefinition.SD_Registration_2.user_is_on_the_registration_page()"},"keyword":"Given "},{"result":{"error_message":"org.openqa.selenium.WebDriverException: chrome not reachable\n  (Session info: chrome=105.0.5195.127)\nBuild info: version: '4.1.2', revision: '9a5a329c5a'\nSystem info: host: 'DESKTOP-7JOFLV1', ip: '192.168.1.70', os.name: 'Windows 10', os.arch: 'amd64', os.version: '10.0', java.version: '17.0.2'\nDriver info: org.openqa.selenium.chrome.ChromeDriver\nCommand: [9e7528a0805646bf0a4d1299067f71f9, findElement {using=xpath, value=FirstName}]\nCapabilities {acceptInsecureCerts: false, browserName: chrome, browserVersion: 105.0.5195.127, chrome: {chromedriverVersion: 105.0.5195.52 (412c95e51883..., userDataDir: C:\\Users\\HP\\AppData\\Local\\T...}, goog:chromeOptions: {debuggerAddress: localhost:57672}, javascriptEnabled: true, networkConnectionEnabled: false, pageLoadStrategy: normal, platform: WINDOWS, platformName: WINDOWS, proxy: Proxy(), se:cdp: ws://localhost:57672/devtoo..., se:cdpVersion: 105.0.5195.127, setWindowRect: true, strictFileInteractability: false, timeouts: {implicit: 0, pageLoad: 300000, script: 30000}, unhandledPromptBehavior: dismiss and notify, webauthn:extension:credBlob: true, webauthn:extension:largeBlob: true, webauthn:virtualAuthenticators: true}\nSession ID: 9e7528a0805646bf0a4d1299067f71f9\r\n\tat java.base/jdk.internal.reflect.NativeConstructorAccessorImpl.newInstance0(Native Method)\r\n\tat java.base/jdk.internal.reflect.NativeConstructorAccessorImpl.newInstance(NativeConstructorAccessorImpl.java:77)\r\n\tat java.base/jdk.internal.reflect.DelegatingConstructorAccessorImpl.newInstance(DelegatingConstructorAccessorImpl.java:45)\r\n\tat java.base/java.lang.reflect.Constructor.newInstanceWithCaller(Constructor.java:499)\r\n\tat java.base/java.lang.reflect.Constructor.newInstance(Constructor.java:480)\r\n\tat org.openqa.selenium.remote.codec.w3c.W3CHttpResponseCodec.createException(W3CHttpResponseCodec.java:200)\r\n\tat org.openqa.selenium.remote.codec.w3c.W3CHttpResponseCodec.decode(W3CHttpResponseCodec.java:133)\r\n\tat org.openqa.selenium.remote.codec.w3c.W3CHttpResponseCodec.decode(W3CHttpResponseCodec.java:53)\r\n\tat org.openqa.selenium.remote.HttpCommandExecutor.execute(HttpCommandExecutor.java:184)\r\n\tat org.openqa.selenium.remote.service.DriverCommandExecutor.invokeExecute(DriverCommandExecutor.java:167)\r\n\tat org.openqa.selenium.remote.service.DriverCommandExecutor.execute(DriverCommandExecutor.java:142)\r\n\tat org.openqa.selenium.remote.RemoteWebDriver.execute(RemoteWebDriver.java:558)\r\n\tat org.openqa.selenium.remote.ElementLocation$ElementFinder$2.findElement(ElementLocation.java:162)\r\n\tat org.openqa.selenium.remote.ElementLocation.findElement(ElementLocation.java:60)\r\n\tat org.openqa.selenium.remote.RemoteWebDriver.findElement(RemoteWebDriver.java:382)\r\n\tat org.openqa.selenium.remote.RemoteWebDriver.findElement(RemoteWebDriver.java:374)\r\n\tat org.openqa.selenium.support.pagefactory.DefaultElementLocator.findElement(DefaultElementLocator.java:70)\r\n\tat org.openqa.selenium.support.pagefactory.internal.LocatingElementHandler.invoke(LocatingElementHandler.java:39)\r\n\tat jdk.proxy2/jdk.proxy2.$Proxy36.clear(Unknown Source)\r\n\tat Pages.registrationPage.setFirstName(registrationPage.java:261)\r\n\tat StepDefinition.SD_Registration_2.user_enter_first_name_last_name_address_street_name_city_state_no_data_zip_bith_date_phone_number_user_name_password_email(SD_Registration_2.java:226)\r\n\tat ✽.User enter FirstName \"Valid\", LastName \"Valid\" , Address \"valid\" , StreetName \"Valid\" , City \"Valid\" , State \"Valid\" , Zip \"Valid\" , BithDate \"Valid\" , PhoneNumber \"Valid\" , UserName \"\" , Password \"Valid\" , Email \"Valid\"(file:///C:/Users/HP/git/LMS_PHase2_Hackathon/src/test/resources/Features/2Registration_2.feature:65)\r\n","duration":10491431100,"status":"failed"},"line":65,"name":"User enter FirstName \"Valid\", LastName \"Valid\" , Address \"valid\" , StreetName \"Valid\" , City \"Valid\" , State \"Valid\" , Zip \"Valid\" , BithDate \"Valid\" , PhoneNumber \"Valid\" , UserName \"\" , Password \"Valid\" , Email \"Valid\"","match":{"arguments":[{"val":"\"Valid\"","offset":21},{"val":"\"Valid\"","offset":39},{"val":"\"valid\"","offset":57},{"val":"\"Valid\"","offset":78},{"val":"\"Valid\"","offset":93},{"val":"\"Valid\"","offset":109},{"val":"\"Valid\"","offset":123},{"val":"\"Valid\"","offset":142},{"val":"\"Valid\"","offset":164},{"val":"\"\"","offset":183},{"val":"\"Valid\"","offset":197},{"val":"\"Valid\"","offset":213}],"location":"StepDefinition.SD_Registration_2.user_enter_first_name_last_name_address_street_name_city_state_no_data_zip_bith_date_phone_number_user_name_password_email(java.lang.String,java.lang.String,java.lang.String,java.lang.String,java.lang.String,java.lang.String,java.lang.String,java.lang.String,java.lang.String,java.lang.String,java.lang.String,java.lang.String)"},"keyword":"When "},{"result":{"status":"skipped"},"line":67,"name":"User Successfully SignUp","match":{"location":"StepDefinition.SD_Registration_2.user_successfully_sign_up()"},"keyword":"Then "}]},{"start_timestamp":"2022-09-26T19:36:36.430Z","line":82,"name":"Validating Registration Page text field with multiple values","description":"","id":"validating-the-text-fields-on-the-registration-page;validating-registration-page-text-field-with-multiple-values;;13","type":"scenario","keyword":"Scenario Outline","steps":[{"result":{"duration":3997900,"status":"passed"},"line":64,"name":"User is on the Registration Page","match":{"location":"StepDefinition.SD_Registration_2.user_is_on_the_registration_page()"},"keyword":"Given "},{"result":{"error_message":"org.openqa.selenium.WebDriverException: chrome not reachable\n  (Session info: chrome=105.0.5195.127)\nBuild info: version: '4.1.2', revision: '9a5a329c5a'\nSystem info: host: 'DESKTOP-7JOFLV1', ip: '192.168.1.70', os.name: 'Windows 10', os.arch: 'amd64', os.version: '10.0', java.version: '17.0.2'\nDriver info: org.openqa.selenium.chrome.ChromeDriver\nCommand: [9e7528a0805646bf0a4d1299067f71f9, findElement {using=xpath, value=FirstName}]\nCapabilities {acceptInsecureCerts: false, browserName: chrome, browserVersion: 105.0.5195.127, chrome: {chromedriverVersion: 105.0.5195.52 (412c95e51883..., userDataDir: C:\\Users\\HP\\AppData\\Local\\T...}, goog:chromeOptions: {debuggerAddress: localhost:57672}, javascriptEnabled: true, networkConnectionEnabled: false, pageLoadStrategy: normal, platform: WINDOWS, platformName: WINDOWS, proxy: Proxy(), se:cdp: ws://localhost:57672/devtoo..., se:cdpVersion: 105.0.5195.127, setWindowRect: true, strictFileInteractability: false, timeouts: {implicit: 0, pageLoad: 300000, script: 30000}, unhandledPromptBehavior: dismiss and notify, webauthn:extension:credBlob: true, webauthn:extension:largeBlob: true, webauthn:virtualAuthenticators: true}\nSession ID: 9e7528a0805646bf0a4d1299067f71f9\r\n\tat java.base/jdk.internal.reflect.NativeConstructorAccessorImpl.newInstance0(Native Method)\r\n\tat java.base/jdk.internal.reflect.NativeConstructorAccessorImpl.newInstance(NativeConstructorAccessorImpl.java:77)\r\n\tat java.base/jdk.internal.reflect.DelegatingConstructorAccessorImpl.newInstance(DelegatingConstructorAccessorImpl.java:45)\r\n\tat java.base/java.lang.reflect.Constructor.newInstanceWithCaller(Constructor.java:499)\r\n\tat java.base/java.lang.reflect.Constructor.newInstance(Constructor.java:480)\r\n\tat org.openqa.selenium.remote.codec.w3c.W3CHttpResponseCodec.createException(W3CHttpResponseCodec.java:200)\r\n\tat org.openqa.selenium.remote.codec.w3c.W3CHttpResponseCodec.decode(W3CHttpResponseCodec.java:133)\r\n\tat org.openqa.selenium.remote.codec.w3c.W3CHttpResponseCodec.decode(W3CHttpResponseCodec.java:53)\r\n\tat org.openqa.selenium.remote.HttpCommandExecutor.execute(HttpCommandExecutor.java:184)\r\n\tat org.openqa.selenium.remote.service.DriverCommandExecutor.invokeExecute(DriverCommandExecutor.java:167)\r\n\tat org.openqa.selenium.remote.service.DriverCommandExecutor.execute(DriverCommandExecutor.java:142)\r\n\tat org.openqa.selenium.remote.RemoteWebDriver.execute(RemoteWebDriver.java:558)\r\n\tat org.openqa.selenium.remote.ElementLocation$ElementFinder$2.findElement(ElementLocation.java:162)\r\n\tat org.openqa.selenium.remote.ElementLocation.findElement(ElementLocation.java:60)\r\n\tat org.openqa.selenium.remote.RemoteWebDriver.findElement(RemoteWebDriver.java:382)\r\n\tat org.openqa.selenium.remote.RemoteWebDriver.findElement(RemoteWebDriver.java:374)\r\n\tat org.openqa.selenium.support.pagefactory.DefaultElementLocator.findElement(DefaultElementLocator.java:70)\r\n\tat org.openqa.selenium.support.pagefactory.internal.LocatingElementHandler.invoke(LocatingElementHandler.java:39)\r\n\tat jdk.proxy2/jdk.proxy2.$Proxy36.clear(Unknown Source)\r\n\tat Pages.registrationPage.setFirstName(registrationPage.java:261)\r\n\tat StepDefinition.SD_Registration_2.user_enter_first_name_last_name_address_street_name_city_state_no_data_zip_bith_date_phone_number_user_name_password_email(SD_Registration_2.java:226)\r\n\tat ✽.User enter FirstName \"Chaman\", LastName \"Sharma\" , Address \"1234\" , StreetName \"CLoud\" , City \"Wichita\" , State \"Kansas\" , Zip \"45634\" , BithDate \"12-09-2019\" , PhoneNumber \"1231232344\" , UserName \"shweta\" , Password \"123_Invalid\" , Email \"s@s.com\"(file:///C:/Users/HP/git/LMS_PHase2_Hackathon/src/test/resources/Features/2Registration_2.feature:65)\r\n","duration":10484935800,"status":"failed"},"line":65,"name":"User enter FirstName \"Chaman\", LastName \"Sharma\" , Address \"1234\" , StreetName \"CLoud\" , City \"Wichita\" , State \"Kansas\" , Zip \"45634\" , BithDate \"12-09-2019\" , PhoneNumber \"1231232344\" , UserName \"shweta\" , Password \"123_Invalid\" , Email \"s@s.com\"","match":{"arguments":[{"val":"\"Chaman\"","offset":21},{"val":"\"Sharma\"","offset":40},{"val":"\"1234\"","offset":59},{"val":"\"CLoud\"","offset":79},{"val":"\"Wichita\"","offset":94},{"val":"\"Kansas\"","offset":112},{"val":"\"45634\"","offset":127},{"val":"\"12-09-2019\"","offset":146},{"val":"\"1231232344\"","offset":173},{"val":"\"shweta\"","offset":197},{"val":"\"123_Invalid\"","offset":217},{"val":"\"s@s.com\"","offset":239}],"location":"StepDefinition.SD_Registration_2.user_enter_first_name_last_name_address_street_name_city_state_no_data_zip_bith_date_phone_number_user_name_password_email(java.lang.String,java.lang.String,java.lang.String,java.lang.String,java.lang.String,java.lang.String,java.lang.String,java.lang.String,java.lang.String,java.lang.String,java.lang.String,java.lang.String)"},"keyword":"When "},{"result":{"status":"skipped"},"line":67,"name":"User Successfully SignUp","match":{"location":"StepDefinition.SD_Registration_2.user_successfully_sign_up()"},"keyword":"Then "}]}],"name":"Validating the text fields on the Registration page","description":"","id":"validating-the-text-fields-on-the-registration-page","keyword":"Feature","uri":"file:src/test/resources/Features/2Registration_2.feature","tags":[]},{"line":1,"elements":[{"start_timestamp":"2022-09-26T19:36:46.971Z","before":[{"result":{"duration":15414625800,"status":"passed"},"match":{"location":"Hooks.LMS_Hooks.browserSetUp()"}}],"line":3,"name":"Validating the url","description":"","id":"login-page;validating-the-url","type":"scenario","keyword":"Scenario","steps":[{"result":{"duration":756700,"status":"passed"},"line":4,"name":"user is  on browser","match":{"location":"StepDefinition.SD_login.user_is_on_browser()"},"keyword":"Given "},{"result":{"duration":710935200,"status":"passed"},"line":5,"name":"user opens LMS Website","match":{"location":"StepDefinition.SD_login.user_opens_lms_website()"},"keyword":"When "},{"result":{"duration":38669700,"status":"passed"},"line":6,"name":"user is on Login Page","match":{"location":"StepDefinition.SD_login.user_is_on_login_page()"},"keyword":"Then "}],"tags":[{"name":"@driversetup"}]},{"start_timestamp":"2022-09-26T19:37:03.160Z","line":14,"name":"Validating with different login credentials","description":"","id":"login-page;validating-with-different-login-credentials;;2","type":"scenario","keyword":"Scenario Outline","steps":[{"result":{"duration":8022000,"status":"passed"},"line":9,"name":"User lands on Login Page","match":{"location":"StepDefinition.SD_login.user_lands_on_login_page()"},"keyword":"Given "},{"result":{"duration":803965900,"status":"passed"},"line":10,"name":"User enters email \"\", password \"\" and Error \"Please enter fields\"","match":{"arguments":[{"val":"\"\"","offset":18},{"val":"\"\"","offset":31},{"val":"\"Please enter fields\"","offset":44}],"location":"StepDefinition.SD_login.user_enters_email_password_and_error(java.lang.String,java.lang.String,java.lang.String)"},"keyword":"When "},{"result":{"error_message":"org.openqa.selenium.NoSuchElementException: no such element: Unable to locate element: {\"method\":\"xpath\",\"selector\":\"//div[normalize-space()='Manage Program']\"}\n  (Session info: chrome=105.0.5195.127)\nFor documentation on this error, please visit: https://selenium.dev/exceptions/#no_such_element\nBuild info: version: '4.1.2', revision: '9a5a329c5a'\nSystem info: host: 'DESKTOP-7JOFLV1', ip: '192.168.1.70', os.name: 'Windows 10', os.arch: 'amd64', os.version: '10.0', java.version: '17.0.2'\nDriver info: org.openqa.selenium.chrome.ChromeDriver\nCommand: [5f92acb16a2f6af8d36af571a0b1e8b3, findElement {using=xpath, value=//div[normalize-space()='Manage Program']}]\nCapabilities {acceptInsecureCerts: false, browserName: chrome, browserVersion: 105.0.5195.127, chrome: {chromedriverVersion: 105.0.5195.52 (412c95e51883..., userDataDir: C:\\Users\\HP\\AppData\\Local\\T...}, goog:chromeOptions: {debuggerAddress: localhost:60438}, javascriptEnabled: true, networkConnectionEnabled: false, pageLoadStrategy: normal, platform: WINDOWS, platformName: WINDOWS, proxy: Proxy(), se:cdp: ws://localhost:60438/devtoo..., se:cdpVersion: 105.0.5195.127, setWindowRect: true, strictFileInteractability: false, timeouts: {implicit: 0, pageLoad: 300000, script: 30000}, unhandledPromptBehavior: dismiss and notify, webauthn:extension:credBlob: true, webauthn:extension:largeBlob: true, webauthn:virtualAuthenticators: true}\nSession ID: 5f92acb16a2f6af8d36af571a0b1e8b3\r\n\tat jdk.internal.reflect.GeneratedConstructorAccessor29.newInstance(Unknown Source)\r\n\tat java.base/jdk.internal.reflect.DelegatingConstructorAccessorImpl.newInstance(DelegatingConstructorAccessorImpl.java:45)\r\n\tat java.base/java.lang.reflect.Constructor.newInstanceWithCaller(Constructor.java:499)\r\n\tat java.base/java.lang.reflect.Constructor.newInstance(Constructor.java:480)\r\n\tat org.openqa.selenium.remote.codec.w3c.W3CHttpResponseCodec.createException(W3CHttpResponseCodec.java:200)\r\n\tat org.openqa.selenium.remote.codec.w3c.W3CHttpResponseCodec.decode(W3CHttpResponseCodec.java:133)\r\n\tat org.openqa.selenium.remote.codec.w3c.W3CHttpResponseCodec.decode(W3CHttpResponseCodec.java:53)\r\n\tat org.openqa.selenium.remote.HttpCommandExecutor.execute(HttpCommandExecutor.java:184)\r\n\tat org.openqa.selenium.remote.service.DriverCommandExecutor.invokeExecute(DriverCommandExecutor.java:167)\r\n\tat org.openqa.selenium.remote.service.DriverCommandExecutor.execute(DriverCommandExecutor.java:142)\r\n\tat org.openqa.selenium.remote.RemoteWebDriver.execute(RemoteWebDriver.java:558)\r\n\tat org.openqa.selenium.remote.ElementLocation$ElementFinder$2.findElement(ElementLocation.java:162)\r\n\tat org.openqa.selenium.remote.ElementLocation.findElement(ElementLocation.java:60)\r\n\tat org.openqa.selenium.remote.RemoteWebDriver.findElement(RemoteWebDriver.java:382)\r\n\tat org.openqa.selenium.remote.RemoteWebDriver.findElement(RemoteWebDriver.java:374)\r\n\tat org.openqa.selenium.support.pagefactory.DefaultElementLocator.findElement(DefaultElementLocator.java:70)\r\n\tat org.openqa.selenium.support.pagefactory.internal.LocatingElementHandler.invoke(LocatingElementHandler.java:39)\r\n\tat jdk.proxy2/jdk.proxy2.$Proxy36.isDisplayed(Unknown Source)\r\n\tat Pages.loginPageHomePageReference.HomePageLabelVisibility(loginPageHomePageReference.java:27)\r\n\tat StepDefinition.SD_login.user_successfully_login(SD_login.java:79)\r\n\tat ✽.User successfully  login(file:///C:/Users/HP/git/LMS_PHase2_Hackathon/src/test/resources/Features/3Login.feature:11)\r\n","duration":20060307600,"status":"failed"},"line":11,"name":"User successfully  login","match":{"location":"StepDefinition.SD_login.user_successfully_login()"},"keyword":"Then "}]},{"start_timestamp":"2022-09-26T19:37:24.044Z","line":15,"name":"Validating with different login credentials","description":"","id":"login-page;validating-with-different-login-credentials;;3","type":"scenario","keyword":"Scenario Outline","steps":[{"result":{"duration":31230900,"status":"passed"},"line":9,"name":"User lands on Login Page","match":{"location":"StepDefinition.SD_login.user_lands_on_login_page()"},"keyword":"Given "},{"result":{"duration":303195600,"status":"passed"},"line":10,"name":"User enters email \"lms\", password \"\" and Error \"Please enter fields\"","match":{"arguments":[{"val":"\"lms\"","offset":18},{"val":"\"\"","offset":34},{"val":"\"Please enter fields\"","offset":47}],"location":"StepDefinition.SD_login.user_enters_email_password_and_error(java.lang.String,java.lang.String,java.lang.String)"},"keyword":"When "},{"result":{"error_message":"org.openqa.selenium.NoSuchElementException: Unable to find element with locator By.xpath: //div[normalize-space()='Manage Program']\nFor documentation on this error, please visit: https://selenium.dev/exceptions/#no_such_element\nBuild info: version: '4.1.2', revision: '9a5a329c5a'\nSystem info: host: 'DESKTOP-7JOFLV1', ip: '192.168.1.70', os.name: 'Windows 10', os.arch: 'amd64', os.version: '10.0', java.version: '17.0.2'\nDriver info: driver.version: RemoteWebDriver\r\n\tat org.openqa.selenium.remote.ElementLocation$ElementFinder$2.findElement(ElementLocation.java:165)\r\n\tat org.openqa.selenium.remote.ElementLocation.findElement(ElementLocation.java:60)\r\n\tat org.openqa.selenium.remote.RemoteWebDriver.findElement(RemoteWebDriver.java:382)\r\n\tat org.openqa.selenium.remote.RemoteWebDriver.findElement(RemoteWebDriver.java:374)\r\n\tat org.openqa.selenium.support.pagefactory.DefaultElementLocator.findElement(DefaultElementLocator.java:70)\r\n\tat org.openqa.selenium.support.pagefactory.internal.LocatingElementHandler.invoke(LocatingElementHandler.java:39)\r\n\tat jdk.proxy2/jdk.proxy2.$Proxy36.isDisplayed(Unknown Source)\r\n\tat Pages.loginPageHomePageReference.HomePageLabelVisibility(loginPageHomePageReference.java:27)\r\n\tat StepDefinition.SD_login.user_successfully_login(SD_login.java:79)\r\n\tat ✽.User successfully  login(file:///C:/Users/HP/git/LMS_PHase2_Hackathon/src/test/resources/Features/3Login.feature:11)\r\n","duration":16175783200,"status":"failed"},"line":11,"name":"User successfully  login","match":{"location":"StepDefinition.SD_login.user_successfully_login()"},"keyword":"Then "}]},{"start_timestamp":"2022-09-26T19:37:40.698Z","line":16,"name":"Validating with different login credentials","description":"","id":"login-page;validating-with-different-login-credentials;;4","type":"scenario","keyword":"Scenario Outline","steps":[{"result":{"error_message":"org.openqa.selenium.WebDriverException: chrome not reachable\n  (Session info: chrome=105.0.5195.127)\nBuild info: version: '4.1.2', revision: '9a5a329c5a'\nSystem info: host: 'DESKTOP-7JOFLV1', ip: '192.168.1.70', os.name: 'Windows 10', os.arch: 'amd64', os.version: '10.0', java.version: '17.0.2'\nDriver info: org.openqa.selenium.chrome.ChromeDriver\nCommand: [5f92acb16a2f6af8d36af571a0b1e8b3, getTitle {}]\nCapabilities {acceptInsecureCerts: false, browserName: chrome, browserVersion: 105.0.5195.127, chrome: {chromedriverVersion: 105.0.5195.52 (412c95e51883..., userDataDir: C:\\Users\\HP\\AppData\\Local\\T...}, goog:chromeOptions: {debuggerAddress: localhost:60438}, javascriptEnabled: true, networkConnectionEnabled: false, pageLoadStrategy: normal, platform: WINDOWS, platformName: WINDOWS, proxy: Proxy(), se:cdp: ws://localhost:60438/devtoo..., se:cdpVersion: 105.0.5195.127, setWindowRect: true, strictFileInteractability: false, timeouts: {implicit: 0, pageLoad: 300000, script: 30000}, unhandledPromptBehavior: dismiss and notify, webauthn:extension:credBlob: true, webauthn:extension:largeBlob: true, webauthn:virtualAuthenticators: true}\nSession ID: 5f92acb16a2f6af8d36af571a0b1e8b3\r\n\tat java.base/jdk.internal.reflect.NativeConstructorAccessorImpl.newInstance0(Native Method)\r\n\tat java.base/jdk.internal.reflect.NativeConstructorAccessorImpl.newInstance(NativeConstructorAccessorImpl.java:77)\r\n\tat java.base/jdk.internal.reflect.DelegatingConstructorAccessorImpl.newInstance(DelegatingConstructorAccessorImpl.java:45)\r\n\tat java.base/java.lang.reflect.Constructor.newInstanceWithCaller(Constructor.java:499)\r\n\tat java.base/java.lang.reflect.Constructor.newInstance(Constructor.java:480)\r\n\tat org.openqa.selenium.remote.codec.w3c.W3CHttpResponseCodec.createException(W3CHttpResponseCodec.java:200)\r\n\tat org.openqa.selenium.remote.codec.w3c.W3CHttpResponseCodec.decode(W3CHttpResponseCodec.java:133)\r\n\tat org.openqa.selenium.remote.codec.w3c.W3CHttpResponseCodec.decode(W3CHttpResponseCodec.java:53)\r\n\tat org.openqa.selenium.remote.HttpCommandExecutor.execute(HttpCommandExecutor.java:184)\r\n\tat org.openqa.selenium.remote.service.DriverCommandExecutor.invokeExecute(DriverCommandExecutor.java:167)\r\n\tat org.openqa.selenium.remote.service.DriverCommandExecutor.execute(DriverCommandExecutor.java:142)\r\n\tat org.openqa.selenium.remote.RemoteWebDriver.execute(RemoteWebDriver.java:558)\r\n\tat org.openqa.selenium.remote.RemoteWebDriver.execute(RemoteWebDriver.java:613)\r\n\tat org.openqa.selenium.remote.RemoteWebDriver.execute(RemoteWebDriver.java:617)\r\n\tat org.openqa.selenium.remote.RemoteWebDriver.getTitle(RemoteWebDriver.java:332)\r\n\tat StepDefinition.SD_login.user_lands_on_login_page(SD_login.java:53)\r\n\tat ✽.User lands on Login Page(file:///C:/Users/HP/git/LMS_PHase2_Hackathon/src/test/resources/Features/3Login.feature:9)\r\n","duration":10468046500,"status":"failed"},"line":9,"name":"User lands on Login Page","match":{"location":"StepDefinition.SD_login.user_lands_on_login_page()"},"keyword":"Given "},{"result":{"status":"skipped"},"line":10,"name":"User enters email \"\", password \"lms\" and Error \"Please enter fields\"","match":{"arguments":[{"val":"\"\"","offset":18},{"val":"\"lms\"","offset":31},{"val":"\"Please enter fields\"","offset":47}],"location":"StepDefinition.SD_login.user_enters_email_password_and_error(java.lang.String,java.lang.String,java.lang.String)"},"keyword":"When "},{"result":{"status":"skipped"},"line":11,"name":"User successfully  login","match":{"location":"StepDefinition.SD_login.user_successfully_login()"},"keyword":"Then "}]},{"start_timestamp":"2022-09-26T19:37:51.183Z","line":17,"name":"Validating with different login credentials","description":"","id":"login-page;validating-with-different-login-credentials;;5","type":"scenario","keyword":"Scenario Outline","steps":[{"result":{"error_message":"org.openqa.selenium.WebDriverException: chrome not reachable\n  (Session info: chrome=105.0.5195.127)\nBuild info: version: '4.1.2', revision: '9a5a329c5a'\nSystem info: host: 'DESKTOP-7JOFLV1', ip: '192.168.1.70', os.name: 'Windows 10', os.arch: 'amd64', os.version: '10.0', java.version: '17.0.2'\nDriver info: org.openqa.selenium.chrome.ChromeDriver\nCommand: [5f92acb16a2f6af8d36af571a0b1e8b3, getTitle {}]\nCapabilities {acceptInsecureCerts: false, browserName: chrome, browserVersion: 105.0.5195.127, chrome: {chromedriverVersion: 105.0.5195.52 (412c95e51883..., userDataDir: C:\\Users\\HP\\AppData\\Local\\T...}, goog:chromeOptions: {debuggerAddress: localhost:60438}, javascriptEnabled: true, networkConnectionEnabled: false, pageLoadStrategy: normal, platform: WINDOWS, platformName: WINDOWS, proxy: Proxy(), se:cdp: ws://localhost:60438/devtoo..., se:cdpVersion: 105.0.5195.127, setWindowRect: true, strictFileInteractability: false, timeouts: {implicit: 0, pageLoad: 300000, script: 30000}, unhandledPromptBehavior: dismiss and notify, webauthn:extension:credBlob: true, webauthn:extension:largeBlob: true, webauthn:virtualAuthenticators: true}\nSession ID: 5f92acb16a2f6af8d36af571a0b1e8b3\r\n\tat java.base/jdk.internal.reflect.NativeConstructorAccessorImpl.newInstance0(Native Method)\r\n\tat java.base/jdk.internal.reflect.NativeConstructorAccessorImpl.newInstance(NativeConstructorAccessorImpl.java:77)\r\n\tat java.base/jdk.internal.reflect.DelegatingConstructorAccessorImpl.newInstance(DelegatingConstructorAccessorImpl.java:45)\r\n\tat java.base/java.lang.reflect.Constructor.newInstanceWithCaller(Constructor.java:499)\r\n\tat java.base/java.lang.reflect.Constructor.newInstance(Constructor.java:480)\r\n\tat org.openqa.selenium.remote.codec.w3c.W3CHttpResponseCodec.createException(W3CHttpResponseCodec.java:200)\r\n\tat org.openqa.selenium.remote.codec.w3c.W3CHttpResponseCodec.decode(W3CHttpResponseCodec.java:133)\r\n\tat org.openqa.selenium.remote.codec.w3c.W3CHttpResponseCodec.decode(W3CHttpResponseCodec.java:53)\r\n\tat org.openqa.selenium.remote.HttpCommandExecutor.execute(HttpCommandExecutor.java:184)\r\n\tat org.openqa.selenium.remote.service.DriverCommandExecutor.invokeExecute(DriverCommandExecutor.java:167)\r\n\tat org.openqa.selenium.remote.service.DriverCommandExecutor.execute(DriverCommandExecutor.java:142)\r\n\tat org.openqa.selenium.remote.RemoteWebDriver.execute(RemoteWebDriver.java:558)\r\n\tat org.openqa.selenium.remote.RemoteWebDriver.execute(RemoteWebDriver.java:613)\r\n\tat org.openqa.selenium.remote.RemoteWebDriver.execute(RemoteWebDriver.java:617)\r\n\tat org.openqa.selenium.remote.RemoteWebDriver.getTitle(RemoteWebDriver.java:332)\r\n\tat StepDefinition.SD_login.user_lands_on_login_page(SD_login.java:53)\r\n\tat ✽.User lands on Login Page(file:///C:/Users/HP/git/LMS_PHase2_Hackathon/src/test/resources/Features/3Login.feature:9)\r\n","duration":10465190800,"status":"failed"},"line":9,"name":"User lands on Login Page","match":{"location":"StepDefinition.SD_login.user_lands_on_login_page()"},"keyword":"Given "},{"result":{"status":"skipped"},"line":10,"name":"User enters email \"lms\", password \"lms\" and Error \"Please enter fields\"","match":{"arguments":[{"val":"\"lms\"","offset":18},{"val":"\"lms\"","offset":34},{"val":"\"Please enter fields\"","offset":50}],"location":"StepDefinition.SD_login.user_enters_email_password_and_error(java.lang.String,java.lang.String,java.lang.String)"},"keyword":"When "},{"result":{"status":"skipped"},"line":11,"name":"User successfully  login","match":{"location":"StepDefinition.SD_login.user_successfully_login()"},"keyword":"Then "}]}],"name":"Login Page","description":"","id":"login-page","keyword":"Feature","uri":"file:src/test/resources/Features/3Login.feature","tags":[]}]